#
# There is insufficient memory for the Java Runtime Environment to continue.
# Native memory allocation (mmap) failed to map 1145044992 bytes for G1 virtual space
# Possible reasons:
#   The system is out of physical RAM or swap space
#   The process is running with CompressedOops enabled, and the Java Heap may be blocking the growth of the native heap
# Possible solutions:
#   Reduce memory load on the system
#   Increase physical memory or swap space
#   Check if swap backing store is full
#   Decrease Java heap size (-Xmx/-Xms)
#   Decrease number of Java threads
#   Decrease Java thread stack sizes (-Xss)
#   Set larger code cache with -XX:ReservedCodeCacheSize=
#   JVM is running with Zero Based Compressed Oops mode in which the Java heap is
#     placed in the first 32GB address space. The Java Heap base address is the
#     maximum limit for the native heap growth. Please use -XX:HeapBaseMinAddress
#     to set the Java Heap base and to place the Java Heap above 32GB virtual address.
# This output file may be truncated or incomplete.
#
#  Out of Memory Error (os_windows.cpp:3550), pid=36188, tid=54164
#
# JRE version: Java(TM) SE Runtime Environment (17.0.8+9) (build 17.0.8+9-LTS-211)
# Java VM: Java HotSpot(TM) 64-Bit Server VM (17.0.8+9-LTS-211, mixed mode, sharing, tiered, compressed oops, compressed class ptrs, g1 gc, windows-amd64)
# No core dump will be written. Minidumps are not enabled by default on client versions of Windows
#

---------------  S U M M A R Y ------------

Command Line: spigot-1.19.4.jar nogui

Host: Intel(R) Core(TM) i5-6600K CPU @ 3.50GHz, 4 cores, 15G,  Windows 10 , 64 bit Build 19041 (10.0.19041.3155)
Time: Tue Aug 29 15:09:41 2023 Pacific Daylight Time elapsed time: 15.804131 seconds (0d 0h 0m 15s)

---------------  T H R E A D  ---------------

Current thread (0x0000024df489a530):  VMThread "VM Thread" [stack: 0x000000cc72d00000,0x000000cc72e00000] [id=54164]

Stack: [0x000000cc72d00000,0x000000cc72e00000]
Native frames: (J=compiled Java code, j=interpreted, Vv=VM code, C=native code)
V  [jvm.dll+0x677d0a]
V  [jvm.dll+0x7d8c54]
V  [jvm.dll+0x7da3fe]
V  [jvm.dll+0x7daa63]
V  [jvm.dll+0x245c5f]
V  [jvm.dll+0x674bb9]
V  [jvm.dll+0x6694f2]
V  [jvm.dll+0x3031d6]
V  [jvm.dll+0x30a756]
V  [jvm.dll+0x359f9e]
V  [jvm.dll+0x35a1cf]
V  [jvm.dll+0x2da3e8]
V  [jvm.dll+0x2d87f5]
V  [jvm.dll+0x2d7dfc]
V  [jvm.dll+0x31b4cb]
V  [jvm.dll+0x7df26b]
V  [jvm.dll+0x7dffa4]
V  [jvm.dll+0x7e04bd]
V  [jvm.dll+0x7e0894]
V  [jvm.dll+0x7e0960]
V  [jvm.dll+0x788bba]
V  [jvm.dll+0x676b35]
C  [ucrtbase.dll+0x21bb2]
C  [KERNEL32.DLL+0x17614]
C  [ntdll.dll+0x526b1]

VM_Operation (0x000000cc74bfd350): G1CollectForAllocation, mode: safepoint, requested by thread 0x0000024dfa8e2610


---------------  P R O C E S S  ---------------

Threads class SMR info:
_java_thread_list=0x0000024dfcd3adb0, length=26, elements={
0x0000024df489f530, 0x0000024df48a03a0, 0x0000024df48b6410, 0x0000024df48b7ee0,
0x0000024df48ba9a0, 0x0000024df48bc360, 0x0000024df48bd0f0, 0x0000024df4a184d0,
0x0000024df4a43270, 0x0000024df4af7c60, 0x0000024df4af4770, 0x0000024df4af55e0,
0x0000024df4af5110, 0x0000024dfa8e2140, 0x0000024dfa8db290, 0x0000024dfa8de2b0,
0x0000024dfa8dcaa0, 0x0000024dfa8dd910, 0x0000024dfa8e2610, 0x0000024dfa8dec50,
0x0000024dfa8dc5d0, 0x0000024dfa8df120, 0x0000024dfa8df5f0, 0x0000024dfa8e12d0,
0x0000024dfa8dfac0, 0x0000024dfa8e1c70
}

Java Threads: ( => current thread )
  0x0000024df489f530 JavaThread "Reference Handler" daemon [_thread_blocked, id=4668, stack(0x000000cc72e00000,0x000000cc72f00000)]
  0x0000024df48a03a0 JavaThread "Finalizer" daemon [_thread_blocked, id=8884, stack(0x000000cc72f00000,0x000000cc73000000)]
  0x0000024df48b6410 JavaThread "Signal Dispatcher" daemon [_thread_blocked, id=28912, stack(0x000000cc73000000,0x000000cc73100000)]
  0x0000024df48b7ee0 JavaThread "Attach Listener" daemon [_thread_blocked, id=46552, stack(0x000000cc73100000,0x000000cc73200000)]
  0x0000024df48ba9a0 JavaThread "Service Thread" daemon [_thread_blocked, id=5912, stack(0x000000cc73200000,0x000000cc73300000)]
  0x0000024df48bc360 JavaThread "Monitor Deflation Thread" daemon [_thread_blocked, id=20080, stack(0x000000cc73300000,0x000000cc73400000)]
  0x0000024df48bd0f0 JavaThread "C2 CompilerThread0" daemon [_thread_blocked, id=24892, stack(0x000000cc73400000,0x000000cc73500000)]
  0x0000024df4a184d0 JavaThread "C1 CompilerThread0" daemon [_thread_blocked, id=33148, stack(0x000000cc73500000,0x000000cc73600000)]
  0x0000024df4a43270 JavaThread "Sweeper thread" daemon [_thread_blocked, id=31276, stack(0x000000cc73600000,0x000000cc73700000)]
  0x0000024df4af7c60 JavaThread "Notification Thread" daemon [_thread_blocked, id=57648, stack(0x000000cc73700000,0x000000cc73800000)]
  0x0000024df4af4770 JavaThread "Common-Cleaner" daemon [_thread_blocked, id=3232, stack(0x000000cc73900000,0x000000cc73a00000)]
  0x0000024df4af55e0 JavaThread "DestroyJavaVM" [_thread_blocked, id=41240, stack(0x000000cc72700000,0x000000cc72800000)]
  0x0000024df4af5110 JavaThread "JNA Cleaner" daemon [_thread_blocked, id=2428, stack(0x000000cc73f00000,0x000000cc74000000)]
  0x0000024dfa8e2140 JavaThread "Timer hack thread" daemon [_thread_blocked, id=34444, stack(0x000000cc74600000,0x000000cc74700000)]
  0x0000024dfa8db290 JavaThread "Worker-Main-1" daemon [_thread_blocked, id=42724, stack(0x000000cc74700000,0x000000cc74800000)]
  0x0000024dfa8de2b0 JavaThread "Worker-Main-2" daemon [_thread_blocked, id=22636, stack(0x000000cc74800000,0x000000cc74900000)]
  0x0000024dfa8dcaa0 JavaThread "Worker-Main-3" daemon [_thread_blocked, id=44540, stack(0x000000cc74900000,0x000000cc74a00000)]
  0x0000024dfa8dd910 JavaThread "NonBlockingInputStreamThread" daemon [_thread_blocked, id=46432, stack(0x000000cc74a00000,0x000000cc74b00000)]
  0x0000024dfa8e2610 JavaThread "Server thread" [_thread_blocked, id=18804, stack(0x000000cc74b00000,0x000000cc74c00000)]
  0x0000024dfa8dec50 JavaThread "TerminalConsoleWriter" daemon [_thread_blocked, id=66744, stack(0x000000cc73b00000,0x000000cc73c00000)]
  0x0000024dfa8dc5d0 JavaThread "Server console handler" daemon [_thread_in_native, id=5904, stack(0x000000cc74c00000,0x000000cc74d00000)]
  0x0000024dfa8df120 JavaThread "Spigot Watchdog Thread" [_thread_blocked, id=56852, stack(0x000000cc74d00000,0x000000cc74e00000)]
  0x0000024dfa8df5f0 JavaThread "Spigot Metrics Thread" daemon [_thread_blocked, id=24336, stack(0x000000cc74e00000,0x000000cc74f00000)]
  0x0000024dfa8e12d0 JavaThread "Netty Server IO #0" daemon [_thread_in_native, id=50404, stack(0x000000cc74f00000,0x000000cc75000000)]
  0x0000024dfa8dfac0 JavaThread "IO-Worker-4" [_thread_blocked, id=45932, stack(0x000000cc75000000,0x000000cc75100000)]
  0x0000024dfa8e1c70 JavaThread "IO-Worker-5" [_thread_blocked, id=59920, stack(0x000000cc75100000,0x000000cc75200000)]

Other Threads:
=>0x0000024df489a530 VMThread "VM Thread" [stack: 0x000000cc72d00000,0x000000cc72e00000] [id=54164]
  0x0000024dd2428810 WatcherThread [stack: 0x000000cc73800000,0x000000cc73900000] [id=13908]
  0x0000024dd2406030 GCTaskThread "GC Thread#0" [stack: 0x000000cc72800000,0x000000cc72900000] [id=14684]
  0x0000024df9578860 GCTaskThread "GC Thread#1" [stack: 0x000000cc73a00000,0x000000cc73b00000] [id=37572]
  0x0000024df94d33a0 GCTaskThread "GC Thread#2" [stack: 0x000000cc73c00000,0x000000cc73d00000] [id=16548]
  0x0000024df94d3650 GCTaskThread "GC Thread#3" [stack: 0x000000cc73d00000,0x000000cc73e00000] [id=13200]
  0x0000024dd2416e30 ConcurrentGCThread "G1 Main Marker" [stack: 0x000000cc72900000,0x000000cc72a00000] [id=46444]
  0x0000024dd2417fe0 ConcurrentGCThread "G1 Conc#0" [stack: 0x000000cc72a00000,0x000000cc72b00000] [id=16060]
  0x0000024dd247d620 ConcurrentGCThread "G1 Refine#0" [stack: 0x000000cc72b00000,0x000000cc72c00000] [id=61292]
  0x0000024dfb1f2870 ConcurrentGCThread "G1 Refine#1" [stack: 0x000000cc74300000,0x000000cc74400000] [id=39448]
  0x0000024dfb6305c0 ConcurrentGCThread "G1 Refine#2" [stack: 0x000000cc74400000,0x000000cc74500000] [id=37420]
  0x0000024dfb62fd20 ConcurrentGCThread "G1 Refine#3" [stack: 0x000000cc74500000,0x000000cc74600000] [id=23040]
  0x0000024dd247e040 ConcurrentGCThread "G1 Service" [stack: 0x000000cc72c00000,0x000000cc72d00000] [id=54848]

Threads with active compile tasks:

VM state: at safepoint (normal execution)

VM Mutex/Monitor currently owned by a thread:  ([mutex/lock_event])
[0x0000024dd2396300] Threads_lock - owner thread: 0x0000024df489a530
[0x0000024dd23964b0] Heap_lock - owner thread: 0x0000024dfa8e2610

Heap address: 0x0000000701400000, size: 4076 MB, Compressed Oops mode: Zero based, Oop shift amount: 3

CDS archive(s) mapped at: [0x0000024d80000000-0x0000024d80bd0000-0x0000024d80bd0000), size 12386304, SharedBaseAddress: 0x0000024d80000000, ArchiveRelocationMode: 1.
Compressed class space mapped at: 0x0000024d81000000-0x0000024dc1000000, reserved size: 1073741824
Narrow klass base: 0x0000024d80000000, Narrow klass shift: 0, Narrow klass range: 0x100000000

GC Precious Log:
 CPUs: 4 total, 4 available
 Memory: 16299M
 Large Page Support: Disabled
 NUMA Support: Disabled
 Compressed Oops: Enabled (Zero based)
 Heap Region Size: 2M
 Heap Min Capacity: 8M
 Heap Initial Capacity: 256M
 Heap Max Capacity: 4076M
 Pre-touch: Disabled
 Parallel Workers: 4
 Concurrent Workers: 1
 Concurrent Refinement Workers: 4
 Periodic GC: Disabled

Heap:
 garbage-first heap   total 559104K, used 415530K [0x0000000701400000, 0x0000000800000000)
  region size 2048K, 4 young (8192K), 4 survivors (8192K)
 Metaspace       used 79594K, committed 80448K, reserved 1179648K
  class space    used 10552K, committed 10944K, reserved 1048576K

Heap Regions: E=young(eden), S=young(survivor), O=old, HS=humongous(starts), HC=humongous(continues), CS=collection set, F=free, OA=open archive, CA=closed archive, TAMS=top-at-mark-start (previous, next)
|   0|0x0000000701400000, 0x0000000701600000, 0x0000000701600000|100%|HS|  |TAMS 0x0000000701600000, 0x0000000701600000| Complete 
|   1|0x0000000701600000, 0x0000000701800000, 0x0000000701800000|100%|HS|  |TAMS 0x0000000701800000, 0x0000000701800000| Complete 
|   2|0x0000000701800000, 0x0000000701a00000, 0x0000000701a00000|100%| O|  |TAMS 0x0000000701a00000, 0x0000000701a00000| Untracked 
|   3|0x0000000701a00000, 0x0000000701bca800, 0x0000000701c00000| 89%| O|  |TAMS 0x0000000701bca800, 0x0000000701bca800| Untracked 
|   4|0x0000000701c00000, 0x0000000701e00000, 0x0000000701e00000|100%|HS|  |TAMS 0x0000000701e00000, 0x0000000701e00000| Complete 
|   5|0x0000000701e00000, 0x0000000702000000, 0x0000000702000000|100%|HC|  |TAMS 0x0000000702000000, 0x0000000702000000| Complete 
|   6|0x0000000702000000, 0x0000000702200000, 0x0000000702200000|100%|HC|  |TAMS 0x0000000702200000, 0x0000000702200000| Complete 
|   7|0x0000000702200000, 0x0000000702400000, 0x0000000702400000|100%|HC|  |TAMS 0x0000000702400000, 0x0000000702400000| Complete 
|   8|0x0000000702400000, 0x0000000702600000, 0x0000000702600000|100%|HC|  |TAMS 0x0000000702600000, 0x0000000702600000| Complete 
|   9|0x0000000702600000, 0x0000000702800000, 0x0000000702800000|100%|HC|  |TAMS 0x0000000702800000, 0x0000000702800000| Complete 
|  10|0x0000000702800000, 0x0000000702a00000, 0x0000000702a00000|100%| O|  |TAMS 0x0000000702a00000, 0x0000000702a00000| Untracked 
|  11|0x0000000702a00000, 0x0000000702c00000, 0x0000000702c00000|100%| O|  |TAMS 0x0000000702c00000, 0x0000000702c00000| Untracked 
|  12|0x0000000702c00000, 0x0000000702e00000, 0x0000000702e00000|100%| O|  |TAMS 0x0000000702e00000, 0x0000000702e00000| Untracked 
|  13|0x0000000702e00000, 0x0000000703000000, 0x0000000703000000|100%| O|  |TAMS 0x0000000703000000, 0x0000000703000000| Untracked 
|  14|0x0000000703000000, 0x0000000703200000, 0x0000000703200000|100%| O|  |TAMS 0x0000000703200000, 0x0000000703200000| Untracked 
|  15|0x0000000703200000, 0x0000000703400000, 0x0000000703400000|100%| O|  |TAMS 0x0000000703400000, 0x0000000703400000| Untracked 
|  16|0x0000000703400000, 0x0000000703600000, 0x0000000703600000|100%| O|  |TAMS 0x0000000703600000, 0x0000000703600000| Untracked 
|  17|0x0000000703600000, 0x0000000703800000, 0x0000000703800000|100%| O|  |TAMS 0x0000000703800000, 0x0000000703800000| Untracked 
|  18|0x0000000703800000, 0x0000000703a00000, 0x0000000703a00000|100%| O|  |TAMS 0x0000000703a00000, 0x0000000703a00000| Untracked 
|  19|0x0000000703a00000, 0x0000000703c00000, 0x0000000703c00000|100%| O|  |TAMS 0x0000000703c00000, 0x0000000703c00000| Untracked 
|  20|0x0000000703c00000, 0x0000000703e00000, 0x0000000703e00000|100%| O|  |TAMS 0x0000000703e00000, 0x0000000703e00000| Untracked 
|  21|0x0000000703e00000, 0x0000000704000000, 0x0000000704000000|100%| O|  |TAMS 0x0000000704000000, 0x0000000704000000| Untracked 
|  22|0x0000000704000000, 0x0000000704200000, 0x0000000704200000|100%| O|  |TAMS 0x0000000704200000, 0x0000000704200000| Untracked 
|  23|0x0000000704200000, 0x0000000704400000, 0x0000000704400000|100%| O|  |TAMS 0x0000000704400000, 0x0000000704400000| Untracked 
|  24|0x0000000704400000, 0x0000000704600000, 0x0000000704600000|100%| O|  |TAMS 0x0000000704600000, 0x0000000704600000| Untracked 
|  25|0x0000000704600000, 0x0000000704800000, 0x0000000704800000|100%| O|  |TAMS 0x0000000704800000, 0x0000000704800000| Untracked 
|  26|0x0000000704800000, 0x0000000704a00000, 0x0000000704a00000|100%| O|  |TAMS 0x0000000704a00000, 0x0000000704a00000| Untracked 
|  27|0x0000000704a00000, 0x0000000704c00000, 0x0000000704c00000|100%| O|  |TAMS 0x0000000704c00000, 0x0000000704c00000| Untracked 
|  28|0x0000000704c00000, 0x0000000704e00000, 0x0000000704e00000|100%| O|  |TAMS 0x0000000704e00000, 0x0000000704e00000| Untracked 
|  29|0x0000000704e00000, 0x0000000705000000, 0x0000000705000000|100%| O|  |TAMS 0x0000000705000000, 0x0000000705000000| Untracked 
|  30|0x0000000705000000, 0x0000000705200000, 0x0000000705200000|100%| O|  |TAMS 0x0000000705200000, 0x0000000705200000| Untracked 
|  31|0x0000000705200000, 0x0000000705400000, 0x0000000705400000|100%| O|  |TAMS 0x0000000705400000, 0x0000000705400000| Untracked 
|  32|0x0000000705400000, 0x0000000705600000, 0x0000000705600000|100%| O|  |TAMS 0x0000000705600000, 0x0000000705600000| Untracked 
|  33|0x0000000705600000, 0x0000000705800000, 0x0000000705800000|100%| O|  |TAMS 0x0000000705800000, 0x0000000705800000| Untracked 
|  34|0x0000000705800000, 0x0000000705a00000, 0x0000000705a00000|100%| O|  |TAMS 0x0000000705a00000, 0x0000000705a00000| Untracked 
|  35|0x0000000705a00000, 0x0000000705c00000, 0x0000000705c00000|100%| O|  |TAMS 0x0000000705c00000, 0x0000000705c00000| Untracked 
|  36|0x0000000705c00000, 0x0000000705e00000, 0x0000000705e00000|100%| O|  |TAMS 0x0000000705e00000, 0x0000000705e00000| Untracked 
|  37|0x0000000705e00000, 0x0000000706000000, 0x0000000706000000|100%| O|  |TAMS 0x0000000706000000, 0x0000000706000000| Untracked 
|  38|0x0000000706000000, 0x0000000706200000, 0x0000000706200000|100%| O|  |TAMS 0x0000000706200000, 0x0000000706200000| Untracked 
|  39|0x0000000706200000, 0x0000000706400000, 0x0000000706400000|100%| O|  |TAMS 0x0000000706400000, 0x0000000706400000| Untracked 
|  40|0x0000000706400000, 0x0000000706600000, 0x0000000706600000|100%| O|  |TAMS 0x0000000706600000, 0x0000000706600000| Untracked 
|  41|0x0000000706600000, 0x0000000706800000, 0x0000000706800000|100%| O|  |TAMS 0x0000000706800000, 0x0000000706800000| Untracked 
|  42|0x0000000706800000, 0x0000000706a00000, 0x0000000706a00000|100%| O|  |TAMS 0x0000000706800000, 0x0000000706a00000| Untracked 
|  43|0x0000000706a00000, 0x0000000706c00000, 0x0000000706c00000|100%|HS|  |TAMS 0x0000000706c00000, 0x0000000706c00000| Complete 
|  44|0x0000000706c00000, 0x0000000706e00000, 0x0000000706e00000|100%| O|  |TAMS 0x0000000706e00000, 0x0000000706e00000| Untracked 
|  45|0x0000000706e00000, 0x0000000707000000, 0x0000000707000000|100%| O|  |TAMS 0x0000000707000000, 0x0000000707000000| Untracked 
|  46|0x0000000707000000, 0x0000000707200000, 0x0000000707200000|100%| O|  |TAMS 0x0000000707200000, 0x0000000707200000| Untracked 
|  47|0x0000000707200000, 0x0000000707400000, 0x0000000707400000|100%| O|  |TAMS 0x0000000707400000, 0x0000000707400000| Untracked 
|  48|0x0000000707400000, 0x0000000707600000, 0x0000000707600000|100%| O|  |TAMS 0x0000000707600000, 0x0000000707600000| Untracked 
|  49|0x0000000707600000, 0x0000000707800000, 0x0000000707800000|100%| O|  |TAMS 0x0000000707600000, 0x0000000707800000| Untracked 
|  50|0x0000000707800000, 0x0000000707a00000, 0x0000000707a00000|100%| O|  |TAMS 0x0000000707800000, 0x0000000707800000| Untracked 
|  51|0x0000000707a00000, 0x0000000707c00000, 0x0000000707c00000|100%| O|  |TAMS 0x0000000707c00000, 0x0000000707c00000| Untracked 
|  52|0x0000000707c00000, 0x0000000707e00000, 0x0000000707e00000|100%| O|  |TAMS 0x0000000707e00000, 0x0000000707e00000| Untracked 
|  53|0x0000000707e00000, 0x0000000708000000, 0x0000000708000000|100%| O|  |TAMS 0x0000000708000000, 0x0000000708000000| Untracked 
|  54|0x0000000708000000, 0x0000000708200000, 0x0000000708200000|100%| O|  |TAMS 0x0000000708200000, 0x0000000708200000| Untracked 
|  55|0x0000000708200000, 0x0000000708400000, 0x0000000708400000|100%| O|  |TAMS 0x0000000708400000, 0x0000000708400000| Untracked 
|  56|0x0000000708400000, 0x0000000708600000, 0x0000000708600000|100%| O|  |TAMS 0x0000000708600000, 0x0000000708600000| Untracked 
|  57|0x0000000708600000, 0x0000000708800000, 0x0000000708800000|100%| O|  |TAMS 0x0000000708600000, 0x0000000708600000| Untracked 
|  58|0x0000000708800000, 0x0000000708a00000, 0x0000000708a00000|100%| O|  |TAMS 0x0000000708a00000, 0x0000000708a00000| Untracked 
|  59|0x0000000708a00000, 0x0000000708c00000, 0x0000000708c00000|100%| O|  |TAMS 0x0000000708c00000, 0x0000000708c00000| Untracked 
|  60|0x0000000708c00000, 0x0000000708e00000, 0x0000000708e00000|100%| O|  |TAMS 0x0000000708e00000, 0x0000000708e00000| Untracked 
|  61|0x0000000708e00000, 0x0000000709000000, 0x0000000709000000|100%| O|  |TAMS 0x0000000709000000, 0x0000000709000000| Untracked 
|  62|0x0000000709000000, 0x0000000709200000, 0x0000000709200000|100%| O|  |TAMS 0x0000000709200000, 0x0000000709200000| Untracked 
|  63|0x0000000709200000, 0x0000000709400000, 0x0000000709400000|100%| O|  |TAMS 0x0000000709400000, 0x0000000709400000| Untracked 
|  64|0x0000000709400000, 0x0000000709600000, 0x0000000709600000|100%| O|  |TAMS 0x0000000709600000, 0x0000000709600000| Untracked 
|  65|0x0000000709600000, 0x0000000709800000, 0x0000000709800000|100%| O|  |TAMS 0x0000000709800000, 0x0000000709800000| Untracked 
|  66|0x0000000709800000, 0x0000000709a00000, 0x0000000709a00000|100%| O|  |TAMS 0x0000000709a00000, 0x0000000709a00000| Untracked 
|  67|0x0000000709a00000, 0x0000000709c00000, 0x0000000709c00000|100%| O|  |TAMS 0x0000000709bc8a00, 0x0000000709c00000| Untracked 
|  68|0x0000000709c00000, 0x0000000709e00000, 0x0000000709e00000|100%| O|  |TAMS 0x0000000709c00000, 0x0000000709e00000| Untracked 
|  69|0x0000000709e00000, 0x000000070a000000, 0x000000070a000000|100%| O|  |TAMS 0x0000000709e00000, 0x000000070a000000| Untracked 
|  70|0x000000070a000000, 0x000000070a200000, 0x000000070a200000|100%| O|  |TAMS 0x000000070a000000, 0x000000070a200000| Untracked 
|  71|0x000000070a200000, 0x000000070a400000, 0x000000070a400000|100%| O|  |TAMS 0x000000070a200000, 0x000000070a400000| Untracked 
|  72|0x000000070a400000, 0x000000070a600000, 0x000000070a600000|100%| O|  |TAMS 0x000000070a400000, 0x000000070a600000| Untracked 
|  73|0x000000070a600000, 0x000000070a800000, 0x000000070a800000|100%| O|  |TAMS 0x000000070a600000, 0x000000070a800000| Untracked 
|  74|0x000000070a800000, 0x000000070aa00000, 0x000000070aa00000|100%| O|  |TAMS 0x000000070a800000, 0x000000070aa00000| Untracked 
|  75|0x000000070aa00000, 0x000000070ac00000, 0x000000070ac00000|100%| O|  |TAMS 0x000000070aa00000, 0x000000070ac00000| Untracked 
|  76|0x000000070ac00000, 0x000000070ae00000, 0x000000070ae00000|100%| O|  |TAMS 0x000000070ac00000, 0x000000070ae00000| Untracked 
|  77|0x000000070ae00000, 0x000000070b000000, 0x000000070b000000|100%| O|  |TAMS 0x000000070ae00000, 0x000000070b000000| Untracked 
|  78|0x000000070b000000, 0x000000070b200000, 0x000000070b200000|100%| O|  |TAMS 0x000000070b000000, 0x000000070b200000| Untracked 
|  79|0x000000070b200000, 0x000000070b400000, 0x000000070b400000|100%| O|  |TAMS 0x000000070b200000, 0x000000070b400000| Untracked 
|  80|0x000000070b400000, 0x000000070b600000, 0x000000070b600000|100%| O|  |TAMS 0x000000070b400000, 0x000000070b600000| Untracked 
|  81|0x000000070b600000, 0x000000070b800000, 0x000000070b800000|100%| O|  |TAMS 0x000000070b600000, 0x000000070b800000| Untracked 
|  82|0x000000070b800000, 0x000000070ba00000, 0x000000070ba00000|100%| O|  |TAMS 0x000000070b800000, 0x000000070ba00000| Untracked 
|  83|0x000000070ba00000, 0x000000070bc00000, 0x000000070bc00000|100%| O|  |TAMS 0x000000070ba00000, 0x000000070bc00000| Untracked 
|  84|0x000000070bc00000, 0x000000070be00000, 0x000000070be00000|100%| O|  |TAMS 0x000000070bc00000, 0x000000070be00000| Untracked 
|  85|0x000000070be00000, 0x000000070c000000, 0x000000070c000000|100%| O|  |TAMS 0x000000070be00000, 0x000000070c000000| Untracked 
|  86|0x000000070c000000, 0x000000070c200000, 0x000000070c200000|100%| O|  |TAMS 0x000000070c000000, 0x000000070c200000| Untracked 
|  87|0x000000070c200000, 0x000000070c400000, 0x000000070c400000|100%| O|  |TAMS 0x000000070c200000, 0x000000070c400000| Untracked 
|  88|0x000000070c400000, 0x000000070c600000, 0x000000070c600000|100%| O|  |TAMS 0x000000070c400000, 0x000000070c600000| Untracked 
|  89|0x000000070c600000, 0x000000070c800000, 0x000000070c800000|100%| O|  |TAMS 0x000000070c600000, 0x000000070c800000| Untracked 
|  90|0x000000070c800000, 0x000000070ca00000, 0x000000070ca00000|100%| O|  |TAMS 0x000000070c800000, 0x000000070ca00000| Untracked 
|  91|0x000000070ca00000, 0x000000070cc00000, 0x000000070cc00000|100%| O|  |TAMS 0x000000070ca00000, 0x000000070cc00000| Untracked 
|  92|0x000000070cc00000, 0x000000070ce00000, 0x000000070ce00000|100%| O|  |TAMS 0x000000070cc00000, 0x000000070ce00000| Untracked 
|  93|0x000000070ce00000, 0x000000070d000000, 0x000000070d000000|100%| O|  |TAMS 0x000000070ce00000, 0x000000070d000000| Untracked 
|  94|0x000000070d000000, 0x000000070d200000, 0x000000070d200000|100%| O|  |TAMS 0x000000070d000000, 0x000000070d200000| Untracked 
|  95|0x000000070d200000, 0x000000070d400000, 0x000000070d400000|100%| O|  |TAMS 0x000000070d200000, 0x000000070d400000| Untracked 
|  96|0x000000070d400000, 0x000000070d600000, 0x000000070d600000|100%| O|  |TAMS 0x000000070d400000, 0x000000070d600000| Untracked 
|  97|0x000000070d600000, 0x000000070d800000, 0x000000070d800000|100%| O|  |TAMS 0x000000070d600000, 0x000000070d800000| Untracked 
|  98|0x000000070d800000, 0x000000070da00000, 0x000000070da00000|100%| O|  |TAMS 0x000000070d800000, 0x000000070da00000| Untracked 
|  99|0x000000070da00000, 0x000000070dc00000, 0x000000070dc00000|100%| O|  |TAMS 0x000000070da00000, 0x000000070dc00000| Untracked 
| 100|0x000000070dc00000, 0x000000070de00000, 0x000000070de00000|100%| O|  |TAMS 0x000000070dc00000, 0x000000070de00000| Untracked 
| 101|0x000000070de00000, 0x000000070e000000, 0x000000070e000000|100%| O|  |TAMS 0x000000070de00000, 0x000000070e000000| Untracked 
| 102|0x000000070e000000, 0x000000070e200000, 0x000000070e200000|100%| O|  |TAMS 0x000000070e000000, 0x000000070e200000| Untracked 
| 103|0x000000070e200000, 0x000000070e400000, 0x000000070e400000|100%| O|  |TAMS 0x000000070e200000, 0x000000070e400000| Untracked 
| 104|0x000000070e400000, 0x000000070e600000, 0x000000070e600000|100%| O|  |TAMS 0x000000070e400000, 0x000000070e600000| Untracked 
| 105|0x000000070e600000, 0x000000070e800000, 0x000000070e800000|100%| O|  |TAMS 0x000000070e600000, 0x000000070e800000| Untracked 
| 106|0x000000070e800000, 0x000000070ea00000, 0x000000070ea00000|100%| O|  |TAMS 0x000000070e800000, 0x000000070ea00000| Untracked 
| 107|0x000000070ea00000, 0x000000070ec00000, 0x000000070ec00000|100%| O|  |TAMS 0x000000070ea00000, 0x000000070ec00000| Untracked 
| 108|0x000000070ec00000, 0x000000070ee00000, 0x000000070ee00000|100%| O|  |TAMS 0x000000070ec00000, 0x000000070ee00000| Untracked 
| 109|0x000000070ee00000, 0x000000070f000000, 0x000000070f000000|100%| O|  |TAMS 0x000000070ee00000, 0x000000070f000000| Untracked 
| 110|0x000000070f000000, 0x000000070f200000, 0x000000070f200000|100%| O|  |TAMS 0x000000070f000000, 0x000000070f200000| Untracked 
| 111|0x000000070f200000, 0x000000070f400000, 0x000000070f400000|100%| O|  |TAMS 0x000000070f200000, 0x000000070f400000| Untracked 
| 112|0x000000070f400000, 0x000000070f600000, 0x000000070f600000|100%| O|  |TAMS 0x000000070f400000, 0x000000070f600000| Untracked 
| 113|0x000000070f600000, 0x000000070f800000, 0x000000070f800000|100%| O|  |TAMS 0x000000070f600000, 0x000000070f800000| Untracked 
| 114|0x000000070f800000, 0x000000070fa00000, 0x000000070fa00000|100%| O|  |TAMS 0x000000070f800000, 0x000000070fa00000| Untracked 
| 115|0x000000070fa00000, 0x000000070fc00000, 0x000000070fc00000|100%| O|  |TAMS 0x000000070fa00000, 0x000000070fc00000| Untracked 
| 116|0x000000070fc00000, 0x000000070fe00000, 0x000000070fe00000|100%| O|  |TAMS 0x000000070fc00000, 0x000000070fe00000| Untracked 
| 117|0x000000070fe00000, 0x0000000710000000, 0x0000000710000000|100%| O|  |TAMS 0x000000070fe00000, 0x0000000710000000| Untracked 
| 118|0x0000000710000000, 0x0000000710200000, 0x0000000710200000|100%| O|  |TAMS 0x0000000710000000, 0x0000000710200000| Untracked 
| 119|0x0000000710200000, 0x0000000710400000, 0x0000000710400000|100%| O|  |TAMS 0x0000000710200000, 0x0000000710400000| Untracked 
| 120|0x0000000710400000, 0x0000000710600000, 0x0000000710600000|100%| O|  |TAMS 0x0000000710400000, 0x0000000710600000| Untracked 
| 121|0x0000000710600000, 0x0000000710800000, 0x0000000710800000|100%| O|  |TAMS 0x0000000710600000, 0x0000000710800000| Untracked 
| 122|0x0000000710800000, 0x0000000710a00000, 0x0000000710a00000|100%| O|  |TAMS 0x0000000710800000, 0x0000000710a00000| Untracked 
| 123|0x0000000710a00000, 0x0000000710c00000, 0x0000000710c00000|100%| O|  |TAMS 0x0000000710a00000, 0x0000000710c00000| Untracked 
| 124|0x0000000710c00000, 0x0000000710e00000, 0x0000000710e00000|100%| O|  |TAMS 0x0000000710c00000, 0x0000000710e00000| Untracked 
| 125|0x0000000710e00000, 0x0000000711000000, 0x0000000711000000|100%| O|  |TAMS 0x0000000710e00000, 0x0000000711000000| Untracked 
| 126|0x0000000711000000, 0x0000000711200000, 0x0000000711200000|100%| O|  |TAMS 0x0000000711000000, 0x0000000711200000| Untracked 
| 127|0x0000000711200000, 0x0000000711400000, 0x0000000711400000|100%| O|  |TAMS 0x0000000711200000, 0x0000000711400000| Untracked 
| 128|0x0000000711400000, 0x0000000711600000, 0x0000000711600000|100%| O|  |TAMS 0x0000000711400000, 0x0000000711600000| Untracked 
| 129|0x0000000711600000, 0x0000000711800000, 0x0000000711800000|100%| O|  |TAMS 0x0000000711600000, 0x0000000711800000| Untracked 
| 130|0x0000000711800000, 0x0000000711a00000, 0x0000000711a00000|100%| O|  |TAMS 0x0000000711800000, 0x0000000711a00000| Untracked 
| 131|0x0000000711a00000, 0x0000000711c00000, 0x0000000711c00000|100%| O|  |TAMS 0x0000000711a00000, 0x0000000711c00000| Untracked 
| 132|0x0000000711c00000, 0x0000000711e00000, 0x0000000711e00000|100%| O|  |TAMS 0x0000000711c00000, 0x0000000711e00000| Untracked 
| 133|0x0000000711e00000, 0x0000000712000000, 0x0000000712000000|100%| O|  |TAMS 0x0000000711e00000, 0x0000000712000000| Untracked 
| 134|0x0000000712000000, 0x0000000712200000, 0x0000000712200000|100%| O|  |TAMS 0x0000000712000000, 0x0000000712200000| Untracked 
| 135|0x0000000712200000, 0x0000000712400000, 0x0000000712400000|100%| O|  |TAMS 0x0000000712200000, 0x0000000712400000| Untracked 
| 136|0x0000000712400000, 0x0000000712600000, 0x0000000712600000|100%| O|  |TAMS 0x0000000712400000, 0x0000000712600000| Untracked 
| 137|0x0000000712600000, 0x0000000712800000, 0x0000000712800000|100%| O|  |TAMS 0x0000000712600000, 0x0000000712800000| Untracked 
| 138|0x0000000712800000, 0x0000000712a00000, 0x0000000712a00000|100%| O|  |TAMS 0x0000000712800000, 0x0000000712a00000| Untracked 
| 139|0x0000000712a00000, 0x0000000712c00000, 0x0000000712c00000|100%| O|  |TAMS 0x0000000712a00000, 0x0000000712c00000| Untracked 
| 140|0x0000000712c00000, 0x0000000712e00000, 0x0000000712e00000|100%| O|  |TAMS 0x0000000712c00000, 0x0000000712e00000| Untracked 
| 141|0x0000000712e00000, 0x0000000713000000, 0x0000000713000000|100%| O|  |TAMS 0x0000000712e00000, 0x0000000713000000| Untracked 
| 142|0x0000000713000000, 0x0000000713200000, 0x0000000713200000|100%| O|  |TAMS 0x0000000713000000, 0x0000000713200000| Untracked 
| 143|0x0000000713200000, 0x0000000713400000, 0x0000000713400000|100%| O|  |TAMS 0x0000000713200000, 0x0000000713400000| Untracked 
| 144|0x0000000713400000, 0x0000000713600000, 0x0000000713600000|100%| O|  |TAMS 0x0000000713400000, 0x0000000713600000| Untracked 
| 145|0x0000000713600000, 0x0000000713800000, 0x0000000713800000|100%| O|  |TAMS 0x0000000713600000, 0x0000000713800000| Untracked 
| 146|0x0000000713800000, 0x0000000713a00000, 0x0000000713a00000|100%| O|  |TAMS 0x0000000713800000, 0x0000000713a00000| Untracked 
| 147|0x0000000713a00000, 0x0000000713c00000, 0x0000000713c00000|100%| O|  |TAMS 0x0000000713a00000, 0x0000000713c00000| Untracked 
| 148|0x0000000713c00000, 0x0000000713e00000, 0x0000000713e00000|100%| O|  |TAMS 0x0000000713c00000, 0x0000000713e00000| Untracked 
| 149|0x0000000713e00000, 0x0000000714000000, 0x0000000714000000|100%| O|  |TAMS 0x0000000713e00000, 0x0000000713f00000| Untracked 
| 150|0x0000000714000000, 0x0000000714200000, 0x0000000714200000|100%| O|  |TAMS 0x0000000714000000, 0x0000000714000000| Untracked 
| 151|0x0000000714200000, 0x0000000714400000, 0x0000000714400000|100%| O|  |TAMS 0x0000000714200000, 0x0000000714200000| Untracked 
| 152|0x0000000714400000, 0x0000000714600000, 0x0000000714600000|100%| O|  |TAMS 0x0000000714400000, 0x0000000714400000| Untracked 
| 153|0x0000000714600000, 0x0000000714800000, 0x0000000714800000|100%| O|  |TAMS 0x0000000714600000, 0x0000000714600000| Untracked 
| 154|0x0000000714800000, 0x0000000714a00000, 0x0000000714a00000|100%| O|  |TAMS 0x0000000714800000, 0x0000000714800000| Untracked 
| 155|0x0000000714a00000, 0x0000000714c00000, 0x0000000714c00000|100%| O|  |TAMS 0x0000000714a00000, 0x0000000714a00000| Untracked 
| 156|0x0000000714c00000, 0x0000000714e00000, 0x0000000714e00000|100%| O|  |TAMS 0x0000000714c00000, 0x0000000714c00000| Untracked 
| 157|0x0000000714e00000, 0x0000000715000000, 0x0000000715000000|100%| O|  |TAMS 0x0000000714e00000, 0x0000000714e00000| Untracked 
| 158|0x0000000715000000, 0x0000000715200000, 0x0000000715200000|100%| O|  |TAMS 0x0000000715000000, 0x0000000715000000| Untracked 
| 159|0x0000000715200000, 0x0000000715400000, 0x0000000715400000|100%| O|  |TAMS 0x0000000715200000, 0x0000000715200000| Untracked 
| 160|0x0000000715400000, 0x0000000715600000, 0x0000000715600000|100%| O|  |TAMS 0x0000000715400000, 0x0000000715400000| Untracked 
| 161|0x0000000715600000, 0x0000000715800000, 0x0000000715800000|100%| O|  |TAMS 0x0000000715600000, 0x0000000715600000| Untracked 
| 162|0x0000000715800000, 0x0000000715a00000, 0x0000000715a00000|100%| O|  |TAMS 0x0000000715800000, 0x0000000715800000| Untracked 
| 163|0x0000000715a00000, 0x0000000715c00000, 0x0000000715c00000|100%| O|  |TAMS 0x0000000715a00000, 0x0000000715a00000| Untracked 
| 164|0x0000000715c00000, 0x0000000715e00000, 0x0000000715e00000|100%| O|  |TAMS 0x0000000715c00000, 0x0000000715c00000| Untracked 
| 165|0x0000000715e00000, 0x0000000716000000, 0x0000000716000000|100%| O|  |TAMS 0x0000000715e00000, 0x0000000715e00000| Untracked 
| 166|0x0000000716000000, 0x0000000716200000, 0x0000000716200000|100%| O|  |TAMS 0x0000000716000000, 0x0000000716000000| Untracked 
| 167|0x0000000716200000, 0x0000000716400000, 0x0000000716400000|100%| O|  |TAMS 0x0000000716200000, 0x0000000716200000| Untracked 
| 168|0x0000000716400000, 0x0000000716600000, 0x0000000716600000|100%| O|  |TAMS 0x0000000716400000, 0x0000000716400000| Untracked 
| 169|0x0000000716600000, 0x0000000716800000, 0x0000000716800000|100%| O|  |TAMS 0x0000000716600000, 0x0000000716600000| Untracked 
| 170|0x0000000716800000, 0x0000000716a00000, 0x0000000716a00000|100%| O|  |TAMS 0x0000000716800000, 0x0000000716800000| Untracked 
| 171|0x0000000716a00000, 0x0000000716c00000, 0x0000000716c00000|100%| O|  |TAMS 0x0000000716a00000, 0x0000000716a00000| Untracked 
| 172|0x0000000716c00000, 0x0000000716e00000, 0x0000000716e00000|100%| O|  |TAMS 0x0000000716c00000, 0x0000000716c00000| Untracked 
| 173|0x0000000716e00000, 0x0000000717000000, 0x0000000717000000|100%| O|  |TAMS 0x0000000716e00000, 0x0000000716e00000| Untracked 
| 174|0x0000000717000000, 0x0000000717200000, 0x0000000717200000|100%| O|  |TAMS 0x0000000717000000, 0x0000000717000000| Untracked 
| 175|0x0000000717200000, 0x0000000717400000, 0x0000000717400000|100%| O|  |TAMS 0x0000000717200000, 0x0000000717200000| Untracked 
| 176|0x0000000717400000, 0x0000000717600000, 0x0000000717600000|100%| O|  |TAMS 0x0000000717400000, 0x0000000717400000| Untracked 
| 177|0x0000000717600000, 0x0000000717800000, 0x0000000717800000|100%| O|  |TAMS 0x0000000717600000, 0x0000000717600000| Untracked 
| 178|0x0000000717800000, 0x0000000717a00000, 0x0000000717a00000|100%| O|  |TAMS 0x0000000717800000, 0x0000000717800000| Untracked 
| 179|0x0000000717a00000, 0x0000000717c00000, 0x0000000717c00000|100%| O|  |TAMS 0x0000000717a00000, 0x0000000717a00000| Untracked 
| 180|0x0000000717c00000, 0x0000000717e00000, 0x0000000717e00000|100%| O|  |TAMS 0x0000000717c00000, 0x0000000717c00000| Untracked 
| 181|0x0000000717e00000, 0x0000000718000000, 0x0000000718000000|100%| O|  |TAMS 0x0000000717e00000, 0x0000000717e00000| Untracked 
| 182|0x0000000718000000, 0x0000000718200000, 0x0000000718200000|100%| O|  |TAMS 0x0000000718000000, 0x0000000718000000| Untracked 
| 183|0x0000000718200000, 0x0000000718400000, 0x0000000718400000|100%| O|  |TAMS 0x0000000718200000, 0x0000000718200000| Untracked 
| 184|0x0000000718400000, 0x0000000718600000, 0x0000000718600000|100%| O|  |TAMS 0x0000000718400000, 0x0000000718400000| Untracked 
| 185|0x0000000718600000, 0x0000000718800000, 0x0000000718800000|100%| O|  |TAMS 0x0000000718600000, 0x0000000718600000| Untracked 
| 186|0x0000000718800000, 0x0000000718a00000, 0x0000000718a00000|100%| O|  |TAMS 0x0000000718800000, 0x0000000718800000| Untracked 
| 187|0x0000000718a00000, 0x0000000718c00000, 0x0000000718c00000|100%| O|  |TAMS 0x0000000718a00000, 0x0000000718a00000| Untracked 
| 188|0x0000000718c00000, 0x0000000718e00000, 0x0000000718e00000|100%| O|  |TAMS 0x0000000718c00000, 0x0000000718c00000| Untracked 
| 189|0x0000000718e00000, 0x0000000719000000, 0x0000000719000000|100%| O|  |TAMS 0x0000000718e00000, 0x0000000718e00000| Untracked 
| 190|0x0000000719000000, 0x0000000719200000, 0x0000000719200000|100%| O|  |TAMS 0x0000000719000000, 0x0000000719000000| Untracked 
| 191|0x0000000719200000, 0x0000000719400000, 0x0000000719400000|100%| O|  |TAMS 0x0000000719200000, 0x0000000719200000| Untracked 
| 192|0x0000000719400000, 0x0000000719600000, 0x0000000719600000|100%| O|  |TAMS 0x0000000719400000, 0x0000000719400000| Untracked 
| 193|0x0000000719600000, 0x0000000719800000, 0x0000000719800000|100%| O|  |TAMS 0x0000000719600000, 0x0000000719600000| Untracked 
| 194|0x0000000719800000, 0x0000000719a00000, 0x0000000719a00000|100%| O|  |TAMS 0x0000000719800000, 0x0000000719800000| Untracked 
| 195|0x0000000719a00000, 0x0000000719c00000, 0x0000000719c00000|100%| O|  |TAMS 0x0000000719a00000, 0x0000000719a00000| Untracked 
| 196|0x0000000719c00000, 0x0000000719e00000, 0x0000000719e00000|100%| O|  |TAMS 0x0000000719c00000, 0x0000000719c00000| Untracked 
| 197|0x0000000719e00000, 0x000000071a000000, 0x000000071a000000|100%| O|  |TAMS 0x0000000719e00000, 0x0000000719e00000| Untracked 
| 198|0x000000071a000000, 0x000000071a000000, 0x000000071a200000|  0%| F|  |TAMS 0x000000071a000000, 0x000000071a000000| Untracked 
| 199|0x000000071a200000, 0x000000071a200000, 0x000000071a400000|  0%| F|  |TAMS 0x000000071a200000, 0x000000071a200000| Untracked 
| 200|0x000000071a400000, 0x000000071a400000, 0x000000071a600000|  0%| F|  |TAMS 0x000000071a400000, 0x000000071a400000| Untracked 
| 201|0x000000071a600000, 0x000000071a600000, 0x000000071a800000|  0%| F|  |TAMS 0x000000071a600000, 0x000000071a600000| Untracked 
| 202|0x000000071a800000, 0x000000071a800000, 0x000000071aa00000|  0%| F|  |TAMS 0x000000071a800000, 0x000000071a800000| Untracked 
| 203|0x000000071aa00000, 0x000000071aa00000, 0x000000071ac00000|  0%| F|  |TAMS 0x000000071aa00000, 0x000000071aa00000| Untracked 
| 204|0x000000071ac00000, 0x000000071ac00000, 0x000000071ae00000|  0%| F|  |TAMS 0x000000071ac00000, 0x000000071ac00000| Untracked 
| 205|0x000000071ae00000, 0x000000071ae00000, 0x000000071b000000|  0%| F|  |TAMS 0x000000071ae00000, 0x000000071ae00000| Untracked 
| 206|0x000000071b000000, 0x000000071b000000, 0x000000071b200000|  0%| F|  |TAMS 0x000000071b000000, 0x000000071b000000| Untracked 
| 207|0x000000071b200000, 0x000000071b200000, 0x000000071b400000|  0%| F|  |TAMS 0x000000071b200000, 0x000000071b200000| Untracked 
| 208|0x000000071b400000, 0x000000071b400000, 0x000000071b600000|  0%| F|  |TAMS 0x000000071b400000, 0x000000071b400000| Untracked 
| 209|0x000000071b600000, 0x000000071b600000, 0x000000071b800000|  0%| F|  |TAMS 0x000000071b600000, 0x000000071b600000| Untracked 
| 210|0x000000071b800000, 0x000000071b800000, 0x000000071ba00000|  0%| F|  |TAMS 0x000000071b800000, 0x000000071b800000| Untracked 
| 211|0x000000071ba00000, 0x000000071ba00000, 0x000000071bc00000|  0%| F|  |TAMS 0x000000071ba00000, 0x000000071ba00000| Untracked 
| 212|0x000000071bc00000, 0x000000071bc00000, 0x000000071be00000|  0%| F|  |TAMS 0x000000071bc00000, 0x000000071bc00000| Untracked 
| 213|0x000000071be00000, 0x000000071be00000, 0x000000071c000000|  0%| F|  |TAMS 0x000000071be00000, 0x000000071be00000| Untracked 
| 214|0x000000071c000000, 0x000000071c000000, 0x000000071c200000|  0%| F|  |TAMS 0x000000071c000000, 0x000000071c000000| Untracked 
| 215|0x000000071c200000, 0x000000071c200000, 0x000000071c400000|  0%| F|  |TAMS 0x000000071c200000, 0x000000071c200000| Untracked 
| 216|0x000000071c400000, 0x000000071c400000, 0x000000071c600000|  0%| F|  |TAMS 0x000000071c400000, 0x000000071c400000| Untracked 
| 217|0x000000071c600000, 0x000000071c600000, 0x000000071c800000|  0%| F|  |TAMS 0x000000071c600000, 0x000000071c600000| Untracked 
| 218|0x000000071c800000, 0x000000071c800000, 0x000000071ca00000|  0%| F|  |TAMS 0x000000071c800000, 0x000000071c800000| Untracked 
| 219|0x000000071ca00000, 0x000000071ca00000, 0x000000071cc00000|  0%| F|  |TAMS 0x000000071ca00000, 0x000000071ca00000| Untracked 
| 220|0x000000071cc00000, 0x000000071cc00000, 0x000000071ce00000|  0%| F|  |TAMS 0x000000071cc00000, 0x000000071cc00000| Untracked 
| 221|0x000000071ce00000, 0x000000071ce00000, 0x000000071d000000|  0%| F|  |TAMS 0x000000071ce00000, 0x000000071ce00000| Untracked 
| 222|0x000000071d000000, 0x000000071d000000, 0x000000071d200000|  0%| F|  |TAMS 0x000000071d000000, 0x000000071d000000| Untracked 
| 223|0x000000071d200000, 0x000000071d200000, 0x000000071d400000|  0%| F|  |TAMS 0x000000071d200000, 0x000000071d200000| Untracked 
| 224|0x000000071d400000, 0x000000071d400000, 0x000000071d600000|  0%| F|  |TAMS 0x000000071d400000, 0x000000071d400000| Untracked 
| 225|0x000000071d600000, 0x000000071d600000, 0x000000071d800000|  0%| F|  |TAMS 0x000000071d600000, 0x000000071d600000| Untracked 
| 226|0x000000071d800000, 0x000000071d800000, 0x000000071da00000|  0%| F|  |TAMS 0x000000071d800000, 0x000000071d800000| Untracked 
| 227|0x000000071da00000, 0x000000071da00000, 0x000000071dc00000|  0%| F|  |TAMS 0x000000071da00000, 0x000000071da00000| Untracked 
| 228|0x000000071dc00000, 0x000000071dc00000, 0x000000071de00000|  0%| F|  |TAMS 0x000000071dc00000, 0x000000071dc00000| Untracked 
| 229|0x000000071de00000, 0x000000071de00000, 0x000000071e000000|  0%| F|  |TAMS 0x000000071de00000, 0x000000071de00000| Untracked 
| 230|0x000000071e000000, 0x000000071e000000, 0x000000071e200000|  0%| F|  |TAMS 0x000000071e000000, 0x000000071e000000| Untracked 
| 231|0x000000071e200000, 0x000000071e200000, 0x000000071e400000|  0%| F|  |TAMS 0x000000071e200000, 0x000000071e200000| Untracked 
| 232|0x000000071e400000, 0x000000071e400000, 0x000000071e600000|  0%| F|  |TAMS 0x000000071e400000, 0x000000071e400000| Untracked 
| 233|0x000000071e600000, 0x000000071e600000, 0x000000071e800000|  0%| F|  |TAMS 0x000000071e600000, 0x000000071e600000| Untracked 
| 234|0x000000071e800000, 0x000000071e800000, 0x000000071ea00000|  0%| F|  |TAMS 0x000000071e800000, 0x000000071e800000| Untracked 
| 235|0x000000071ea00000, 0x000000071ea00000, 0x000000071ec00000|  0%| F|  |TAMS 0x000000071ea00000, 0x000000071ea00000| Untracked 
| 236|0x000000071ec00000, 0x000000071ec00000, 0x000000071ee00000|  0%| F|  |TAMS 0x000000071ec00000, 0x000000071ec00000| Untracked 
| 237|0x000000071ee00000, 0x000000071ee00000, 0x000000071f000000|  0%| F|  |TAMS 0x000000071ee00000, 0x000000071ee00000| Untracked 
| 238|0x000000071f000000, 0x000000071f000000, 0x000000071f200000|  0%| F|  |TAMS 0x000000071f000000, 0x000000071f000000| Untracked 
| 239|0x000000071f200000, 0x000000071f200000, 0x000000071f400000|  0%| F|  |TAMS 0x000000071f200000, 0x000000071f200000| Untracked 
| 240|0x000000071f400000, 0x000000071f400000, 0x000000071f600000|  0%| F|  |TAMS 0x000000071f400000, 0x000000071f400000| Untracked 
| 241|0x000000071f600000, 0x000000071f600000, 0x000000071f800000|  0%| F|  |TAMS 0x000000071f600000, 0x000000071f600000| Untracked 
| 242|0x000000071f800000, 0x000000071f800000, 0x000000071fa00000|  0%| F|  |TAMS 0x000000071f800000, 0x000000071f800000| Untracked 
| 243|0x000000071fa00000, 0x000000071fc00000, 0x000000071fc00000|100%| S|CS|TAMS 0x000000071fa00000, 0x000000071fa00000| Complete 
| 244|0x000000071fc00000, 0x000000071fe00000, 0x000000071fe00000|100%| S|CS|TAMS 0x000000071fc00000, 0x000000071fc00000| Complete 
| 245|0x000000071fe00000, 0x0000000720000000, 0x0000000720000000|100%| S|CS|TAMS 0x000000071fe00000, 0x000000071fe00000| Complete 
| 246|0x0000000720000000, 0x0000000720200000, 0x0000000720200000|100%| S|CS|TAMS 0x0000000720000000, 0x0000000720000000| Complete 
| 247|0x0000000720200000, 0x0000000720200000, 0x0000000720400000|  0%| F|  |TAMS 0x0000000720200000, 0x0000000720200000| Untracked 
| 248|0x0000000720400000, 0x0000000720400000, 0x0000000720600000|  0%| F|  |TAMS 0x0000000720400000, 0x0000000720400000| Untracked 
| 249|0x0000000720600000, 0x0000000720600000, 0x0000000720800000|  0%| F|  |TAMS 0x0000000720600000, 0x0000000720600000| Untracked 
| 250|0x0000000720800000, 0x0000000720800000, 0x0000000720a00000|  0%| F|  |TAMS 0x0000000720800000, 0x0000000720800000| Untracked 
| 251|0x0000000720a00000, 0x0000000720a00000, 0x0000000720c00000|  0%| F|  |TAMS 0x0000000720a00000, 0x0000000720a00000| Untracked 
| 252|0x0000000720c00000, 0x0000000720c00000, 0x0000000720e00000|  0%| F|  |TAMS 0x0000000720c00000, 0x0000000720c00000| Untracked 
| 253|0x0000000720e00000, 0x0000000720e00000, 0x0000000721000000|  0%| F|  |TAMS 0x0000000720e00000, 0x0000000720e00000| Untracked 
| 254|0x0000000721000000, 0x0000000721000000, 0x0000000721200000|  0%| F|  |TAMS 0x0000000721000000, 0x0000000721000000| Untracked 
| 255|0x0000000721200000, 0x0000000721200000, 0x0000000721400000|  0%| F|  |TAMS 0x0000000721200000, 0x0000000721200000| Untracked 
| 256|0x0000000721400000, 0x0000000721400000, 0x0000000721600000|  0%| F|  |TAMS 0x0000000721400000, 0x0000000721400000| Untracked 
| 257|0x0000000721600000, 0x0000000721600000, 0x0000000721800000|  0%| F|  |TAMS 0x0000000721600000, 0x0000000721600000| Untracked 
| 258|0x0000000721800000, 0x0000000721800000, 0x0000000721a00000|  0%| F|  |TAMS 0x0000000721800000, 0x0000000721800000| Untracked 
| 259|0x0000000721a00000, 0x0000000721a00000, 0x0000000721c00000|  0%| F|  |TAMS 0x0000000721a00000, 0x0000000721a00000| Untracked 
| 260|0x0000000721c00000, 0x0000000721c00000, 0x0000000721e00000|  0%| F|  |TAMS 0x0000000721c00000, 0x0000000721c00000| Untracked 
| 261|0x0000000721e00000, 0x0000000721e00000, 0x0000000722000000|  0%| F|  |TAMS 0x0000000721e00000, 0x0000000721e00000| Untracked 
| 262|0x0000000722000000, 0x0000000722000000, 0x0000000722200000|  0%| F|  |TAMS 0x0000000722000000, 0x0000000722000000| Untracked 
| 263|0x0000000722200000, 0x0000000722200000, 0x0000000722400000|  0%| F|  |TAMS 0x0000000722200000, 0x0000000722200000| Untracked 
| 264|0x0000000722400000, 0x0000000722400000, 0x0000000722600000|  0%| F|  |TAMS 0x0000000722400000, 0x0000000722400000| Untracked 
| 265|0x0000000722600000, 0x0000000722600000, 0x0000000722800000|  0%| F|  |TAMS 0x0000000722600000, 0x0000000722600000| Untracked 
| 266|0x0000000722800000, 0x0000000722800000, 0x0000000722a00000|  0%| F|  |TAMS 0x0000000722800000, 0x0000000722800000| Untracked 
| 267|0x0000000722a00000, 0x0000000722a00000, 0x0000000722c00000|  0%| F|  |TAMS 0x0000000722a00000, 0x0000000722a00000| Untracked 
| 268|0x0000000722c00000, 0x0000000722c00000, 0x0000000722e00000|  0%| F|  |TAMS 0x0000000722c00000, 0x0000000722c00000| Untracked 
| 269|0x0000000722e00000, 0x0000000722e00000, 0x0000000723000000|  0%| F|  |TAMS 0x0000000722e00000, 0x0000000722e00000| Untracked 
| 270|0x0000000723000000, 0x0000000723000000, 0x0000000723200000|  0%| F|  |TAMS 0x0000000723000000, 0x0000000723000000| Untracked 
| 271|0x0000000723200000, 0x0000000723200000, 0x0000000723400000|  0%| F|  |TAMS 0x0000000723200000, 0x0000000723200000| Untracked 
|2037|0x00000007ffe00000, 0x0000000800000000, 0x0000000800000000|100%| O|  |TAMS 0x00000007ffe00000, 0x0000000800000000| Untracked 

Card table byte_map: [0x0000024de9450000,0x0000024de9c50000] _byte_map_base: 0x0000024de5c46000

Marking Bits (Prev, Next): (CMBitMap*) 0x0000024dd2406680, (CMBitMap*) 0x0000024dd2406640
 Prev Bits: [0x0000024dee400000, 0x0000024df23b0000)
 Next Bits: [0x0000024dea450000, 0x0000024dee400000)

Polling page: 0x0000024dd0340000

Metaspace:

Usage:
  Non-class:     67.42 MB used.
      Class:     10.30 MB used.
       Both:     77.73 MB used.

Virtual space:
  Non-class space:      128.00 MB reserved,      67.88 MB ( 53%) committed,  2 nodes.
      Class space:        1.00 GB reserved,      10.69 MB (  1%) committed,  1 nodes.
             Both:        1.12 GB reserved,      78.56 MB (  7%) committed. 

Chunk freelists:
   Non-Class:  11.84 MB
       Class:  5.18 MB
        Both:  17.02 MB

MaxMetaspaceSize: unlimited
CompressedClassSpaceSize: 1.00 GB
Initial GC threshold: 21.00 MB
Current GC threshold: 130.88 MB
CDS: on
MetaspaceReclaimPolicy: balanced
 - commit_granule_bytes: 65536.
 - commit_granule_words: 8192.
 - virtual_space_node_default_size: 8388608.
 - enlarge_chunks_in_place: 1.
 - new_chunks_are_fully_committed: 0.
 - uncommit_free_chunks: 1.
 - use_allocation_guard: 0.
 - handle_deallocations: 1.


Internal statistics:

num_allocs_failed_limit: 38.
num_arena_births: 1262.
num_arena_deaths: 16.
num_vsnodes_births: 3.
num_vsnodes_deaths: 0.
num_space_committed: 1253.
num_space_uncommitted: 0.
num_chunks_returned_to_freelist: 60.
num_chunks_taken_from_freelist: 4166.
num_chunk_merges: 25.
num_chunk_splits: 2899.
num_chunks_enlarged: 2154.
num_purges: 4.
num_inconsistent_stats: 0.

CodeHeap 'non-profiled nmethods': size=120000Kb used=5420Kb max_used=5420Kb free=114580Kb
 bounds [0x0000024de1720000, 0x0000024de1c70000, 0x0000024de8c50000]
CodeHeap 'profiled nmethods': size=120000Kb used=13367Kb max_used=13367Kb free=106632Kb
 bounds [0x0000024dd9c50000, 0x0000024dda960000, 0x0000024de1180000]
CodeHeap 'non-nmethods': size=5760Kb used=1673Kb max_used=1727Kb free=4086Kb
 bounds [0x0000024de1180000, 0x0000024de13f0000, 0x0000024de1720000]
 total_blobs=8803 nmethods=7697 adapters=1015
 compilation: enabled
              stopped_count=0, restarted_count=0
 full_count=0

Compilation events (20 events):
Event: 15.611 Thread 0x0000024df4a184d0 9597       3       it.unimi.dsi.fastutil.longs.Long2ObjectLinkedOpenHashMap::moveIndexToFirst (189 bytes)
Event: 15.611 Thread 0x0000024df4a184d0 nmethod 9597 0x0000024dda95d010 code [0x0000024dda95d1c0, 0x0000024dda95d578]
Event: 15.673 Thread 0x0000024df48bd0f0 9598       4       net.minecraft.server.level.PlayerChunkMap::b (69 bytes)
Event: 15.680 Thread 0x0000024df48bd0f0 nmethod 9598 0x0000024de1c68710 code [0x0000024de1c688e0, 0x0000024de1c69048]
Event: 15.680 Thread 0x0000024df48bd0f0 9599   !   4       java.util.concurrent.CompletableFuture::uniComposeStage (183 bytes)
Event: 15.683 Thread 0x0000024df48bd0f0 nmethod 9599 0x0000024de1c69690 code [0x0000024de1c69820, 0x0000024de1c69c38]
Event: 15.694 Thread 0x0000024df48bd0f0 9600       4       net.minecraft.nbt.NBTTagLongArray$1::b (8 bytes)
Event: 15.700 Thread 0x0000024df48bd0f0 nmethod 9600 0x0000024de1c69e90 code [0x0000024de1c6a040, 0x0000024de1c6a618]
Event: 15.752 Thread 0x0000024df4a184d0 9601       3       net.minecraft.server.level.PlayerChunkMap$$Lambda$4687/0x0000024d81ad20b8::apply (5 bytes)
Event: 15.753 Thread 0x0000024df4a184d0 nmethod 9601 0x0000024dda95d790 code [0x0000024dda95d920, 0x0000024dda95da98]
Event: 15.767 Thread 0x0000024df4a184d0 9602       3       net.minecraft.util.thread.ThreadedMailbox::e (24 bytes)
Event: 15.767 Thread 0x0000024df4a184d0 nmethod 9602 0x0000024dda95db90 code [0x0000024dda95dd40, 0x0000024dda95df88]
Event: 15.767 Thread 0x0000024df4a184d0 9603       3       net.minecraft.util.thread.ThreadedMailbox::h (43 bytes)
Event: 15.768 Thread 0x0000024df4a184d0 nmethod 9603 0x0000024dda95e090 code [0x0000024dda95e2a0, 0x0000024dda95e988]
Event: 15.768 Thread 0x0000024df4a184d0 9604       3       net.minecraft.util.thread.PairedQueue$a::a (5 bytes)
Event: 15.768 Thread 0x0000024df4a184d0 nmethod 9604 0x0000024dda95eb90 code [0x0000024dda95ed20, 0x0000024dda95ee68]
Event: 15.768 Thread 0x0000024df4a184d0 9605       3       net.minecraft.util.thread.PairedQueue$b::run (10 bytes)
Event: 15.768 Thread 0x0000024df4a184d0 nmethod 9605 0x0000024dda95ef10 code [0x0000024dda95f0c0, 0x0000024dda95f2a8]
Event: 15.769 Thread 0x0000024df48bd0f0 9606       4       net.minecraft.util.FastBufferedInputStream::b (38 bytes)
Event: 15.770 Thread 0x0000024df48bd0f0 nmethod 9606 0x0000024de1c6ac10 code [0x0000024de1c6ada0, 0x0000024de1c6aec8]

GC Heap History (20 events):
Event: 10.138 GC heap after
{Heap after GC invocations=24 (full 0):
 garbage-first heap   total 299008K, used 125901K [0x0000000701400000, 0x0000000800000000)
  region size 2048K, 6 young (12288K), 6 survivors (12288K)
 Metaspace       used 57250K, committed 58048K, reserved 1114112K
  class space    used 8575K, committed 8960K, reserved 1048576K
}
Event: 10.922 GC heap before
{Heap before GC invocations=24 (full 0):
 garbage-first heap   total 299008K, used 222157K [0x0000000701400000, 0x0000000800000000)
  region size 2048K, 54 young (110592K), 6 survivors (12288K)
 Metaspace       used 63705K, committed 64448K, reserved 1114112K
  class space    used 9294K, committed 9664K, reserved 1048576K
}
Event: 10.936 GC heap after
{Heap after GC invocations=25 (full 0):
 garbage-first heap   total 299008K, used 132110K [0x0000000701400000, 0x0000000800000000)
  region size 2048K, 7 young (14336K), 7 survivors (14336K)
 Metaspace       used 63705K, committed 64448K, reserved 1114112K
  class space    used 9294K, committed 9664K, reserved 1048576K
}
Event: 14.718 GC heap before
{Heap before GC invocations=26 (full 0):
 garbage-first heap   total 299008K, used 242702K [0x0000000701400000, 0x0000000800000000)
  region size 2048K, 62 young (126976K), 7 survivors (14336K)
 Metaspace       used 78999K, committed 79808K, reserved 1179648K
  class space    used 10475K, committed 10880K, reserved 1048576K
}
Event: 14.730 GC heap after
{Heap after GC invocations=27 (full 0):
 garbage-first heap   total 299008K, used 137439K [0x0000000701400000, 0x0000000800000000)
  region size 2048K, 6 young (12288K), 6 survivors (12288K)
 Metaspace       used 78999K, committed 79808K, reserved 1179648K
  class space    used 10475K, committed 10880K, reserved 1048576K
}
Event: 14.777 GC heap before
{Heap before GC invocations=27 (full 0):
 garbage-first heap   total 299008K, used 139487K [0x0000000701400000, 0x0000000800000000)
  region size 2048K, 7 young (14336K), 6 survivors (12288K)
 Metaspace       used 79316K, committed 80128K, reserved 1179648K
  class space    used 10517K, committed 10880K, reserved 1048576K
}
Event: 14.784 GC heap after
{Heap after GC invocations=28 (full 0):
 garbage-first heap   total 299008K, used 136780K [0x0000000701400000, 0x0000000800000000)
  region size 2048K, 1 young (2048K), 1 survivors (2048K)
 Metaspace       used 79316K, committed 80128K, reserved 1179648K
  class space    used 10517K, committed 10880K, reserved 1048576K
}
Event: 15.023 GC heap before
{Heap before GC invocations=28 (full 0):
 garbage-first heap   total 299008K, used 247372K [0x0000000701400000, 0x0000000800000000)
  region size 2048K, 55 young (112640K), 1 survivors (2048K)
 Metaspace       used 79553K, committed 80384K, reserved 1179648K
  class space    used 10554K, committed 10944K, reserved 1048576K
}
Event: 15.063 GC heap after
{Heap after GC invocations=29 (full 0):
 garbage-first heap   total 301056K, used 188202K [0x0000000701400000, 0x0000000800000000)
  region size 2048K, 7 young (14336K), 7 survivors (14336K)
 Metaspace       used 79553K, committed 80384K, reserved 1179648K
  class space    used 10554K, committed 10944K, reserved 1048576K
}
Event: 15.129 GC heap before
{Heap before GC invocations=29 (full 0):
 garbage-first heap   total 301056K, used 237354K [0x0000000701400000, 0x0000000800000000)
  region size 2048K, 31 young (63488K), 7 survivors (14336K)
 Metaspace       used 79553K, committed 80384K, reserved 1179648K
  class space    used 10554K, committed 10944K, reserved 1048576K
}
Event: 15.157 GC heap after
{Heap after GC invocations=30 (full 0):
 garbage-first heap   total 559104K, used 211754K [0x0000000701400000, 0x0000000800000000)
  region size 2048K, 4 young (8192K), 4 survivors (8192K)
 Metaspace       used 79553K, committed 80384K, reserved 1179648K
  class space    used 10554K, committed 10944K, reserved 1048576K
}
Event: 15.484 GC heap before
{Heap before GC invocations=31 (full 0):
 garbage-first heap   total 559104K, used 379690K [0x0000000701400000, 0x0000000800000000)
  region size 2048K, 86 young (176128K), 4 survivors (8192K)
 Metaspace       used 79580K, committed 80448K, reserved 1179648K
  class space    used 10552K, committed 10944K, reserved 1048576K
}
Event: 15.543 GC heap after
{Heap after GC invocations=32 (full 0):
 garbage-first heap   total 559104K, used 303914K [0x0000000701400000, 0x0000000800000000)
  region size 2048K, 11 young (22528K), 11 survivors (22528K)
 Metaspace       used 79580K, committed 80448K, reserved 1179648K
  class space    used 10552K, committed 10944K, reserved 1048576K
}
Event: 15.555 GC heap before
{Heap before GC invocations=32 (full 0):
 garbage-first heap   total 559104K, used 308010K [0x0000000701400000, 0x0000000800000000)
  region size 2048K, 13 young (26624K), 11 survivors (22528K)
 Metaspace       used 79580K, committed 80448K, reserved 1179648K
  class space    used 10552K, committed 10944K, reserved 1048576K
}
Event: 15.574 GC heap after
{Heap after GC invocations=33 (full 0):
 garbage-first heap   total 559104K, used 308010K [0x0000000701400000, 0x0000000800000000)
  region size 2048K, 2 young (4096K), 2 survivors (4096K)
 Metaspace       used 79580K, committed 80448K, reserved 1179648K
  class space    used 10552K, committed 10944K, reserved 1048576K
}
Event: 15.624 GC heap before
{Heap before GC invocations=33 (full 0):
 garbage-first heap   total 559104K, used 404266K [0x0000000701400000, 0x0000000800000000)
  region size 2048K, 49 young (100352K), 2 survivors (4096K)
 Metaspace       used 79594K, committed 80448K, reserved 1179648K
  class space    used 10552K, committed 10944K, reserved 1048576K
}
Event: 15.661 GC heap after
{Heap after GC invocations=34 (full 0):
 garbage-first heap   total 559104K, used 356138K [0x0000000701400000, 0x0000000800000000)
  region size 2048K, 7 young (14336K), 7 survivors (14336K)
 Metaspace       used 79594K, committed 80448K, reserved 1179648K
  class space    used 10552K, committed 10944K, reserved 1048576K
}
Event: 15.706 GC heap before
{Heap before GC invocations=34 (full 0):
 garbage-first heap   total 559104K, used 423722K [0x0000000701400000, 0x0000000800000000)
  region size 2048K, 40 young (81920K), 7 survivors (14336K)
 Metaspace       used 79594K, committed 80448K, reserved 1179648K
  class space    used 10552K, committed 10944K, reserved 1048576K
}
Event: 15.742 GC heap after
{Heap after GC invocations=35 (full 0):
 garbage-first heap   total 559104K, used 388906K [0x0000000701400000, 0x0000000800000000)
  region size 2048K, 5 young (10240K), 5 survivors (10240K)
 Metaspace       used 79594K, committed 80448K, reserved 1179648K
  class space    used 10552K, committed 10944K, reserved 1048576K
}
Event: 15.772 GC heap before
{Heap before GC invocations=35 (full 0):
 garbage-first heap   total 559104K, used 440106K [0x0000000701400000, 0x0000000800000000)
  region size 2048K, 30 young (61440K), 5 survivors (10240K)
 Metaspace       used 79594K, committed 80448K, reserved 1179648K
  class space    used 10552K, committed 10944K, reserved 1048576K
}

Deoptimization events (20 events):
Event: 15.256 Thread 0x0000024dfa8e2610 DEOPT PACKING pc=0x0000024dda8e4630 sp=0x000000cc74bfd3d0
Event: 15.256 Thread 0x0000024dfa8e2610 DEOPT UNPACKING pc=0x0000024de11d2b43 sp=0x000000cc74bfca00 mode 0
Event: 15.262 Thread 0x0000024dfa8e2610 DEOPT PACKING pc=0x0000024dda8e4630 sp=0x000000cc74bfd910
Event: 15.262 Thread 0x0000024dfa8e2610 DEOPT UNPACKING pc=0x0000024de11d2b43 sp=0x000000cc74bfcf40 mode 0
Event: 15.273 Thread 0x0000024dfa8e2610 DEOPT PACKING pc=0x0000024dda8e4630 sp=0x000000cc74bfd910
Event: 15.273 Thread 0x0000024dfa8e2610 DEOPT UNPACKING pc=0x0000024de11d2b43 sp=0x000000cc74bfcf40 mode 0
Event: 15.278 Thread 0x0000024dfa8e2610 DEOPT PACKING pc=0x0000024dda8e4d47 sp=0x000000cc74bfd490
Event: 15.278 Thread 0x0000024dfa8e2610 DEOPT UNPACKING pc=0x0000024de11d2b43 sp=0x000000cc74bfcac8 mode 0
Event: 15.282 Thread 0x0000024dfa8e2610 DEOPT PACKING pc=0x0000024dda8e4630 sp=0x000000cc74bfd490
Event: 15.282 Thread 0x0000024dfa8e2610 DEOPT UNPACKING pc=0x0000024de11d2b43 sp=0x000000cc74bfcac0 mode 0
Event: 15.285 Thread 0x0000024dfa8e2610 DEOPT PACKING pc=0x0000024dda8e4d47 sp=0x000000cc74bfcd10
Event: 15.285 Thread 0x0000024dfa8e2610 DEOPT UNPACKING pc=0x0000024de11d2b43 sp=0x000000cc74bfc348 mode 0
Event: 15.287 Thread 0x0000024dfa8e2610 DEOPT PACKING pc=0x0000024dda8e4d47 sp=0x000000cc74bfd250
Event: 15.287 Thread 0x0000024dfa8e2610 DEOPT UNPACKING pc=0x0000024de11d2b43 sp=0x000000cc74bfc888 mode 0
Event: 15.302 Thread 0x0000024dfa8e2610 DEOPT PACKING pc=0x0000024dda8e4d47 sp=0x000000cc74bfd250
Event: 15.302 Thread 0x0000024dfa8e2610 DEOPT UNPACKING pc=0x0000024de11d2b43 sp=0x000000cc74bfc888 mode 0
Event: 15.304 Thread 0x0000024dfa8e2610 DEOPT PACKING pc=0x0000024dda8e4d47 sp=0x000000cc74bfcdd0
Event: 15.304 Thread 0x0000024dfa8e2610 DEOPT UNPACKING pc=0x0000024de11d2b43 sp=0x000000cc74bfc408 mode 0
Event: 15.308 Thread 0x0000024dfa8e2610 DEOPT PACKING pc=0x0000024dda8e4d47 sp=0x000000cc74bfcdd0
Event: 15.308 Thread 0x0000024dfa8e2610 DEOPT UNPACKING pc=0x0000024de11d2b43 sp=0x000000cc74bfc408 mode 0

Classes unloaded (8 events):
Event: 11.093 Thread 0x0000024df489a530 Unloading class 0x0000024d81888800 'java/lang/invoke/LambdaForm$DMH+0x0000024d81888800'
Event: 11.093 Thread 0x0000024df489a530 Unloading class 0x0000024d81888400 'java/lang/invoke/LambdaForm$DMH+0x0000024d81888400'
Event: 15.291 Thread 0x0000024df489a530 Unloading class 0x0000024d81ab7400 'java/lang/invoke/LambdaForm$DMH+0x0000024d81ab7400'
Event: 15.291 Thread 0x0000024df489a530 Unloading class 0x0000024d81ab6c00 'java/lang/invoke/LambdaForm$DMH+0x0000024d81ab6c00'
Event: 15.291 Thread 0x0000024df489a530 Unloading class 0x0000024d81ab6800 'java/lang/invoke/LambdaForm$MH+0x0000024d81ab6800'
Event: 15.291 Thread 0x0000024df489a530 Unloading class 0x0000024d81ab6400 'java/lang/invoke/LambdaForm$MH+0x0000024d81ab6400'
Event: 15.291 Thread 0x0000024df489a530 Unloading class 0x0000024d81ab5800 'java/lang/invoke/LambdaForm$DMH+0x0000024d81ab5800'
Event: 15.291 Thread 0x0000024df489a530 Unloading class 0x0000024d81ab5400 'java/lang/invoke/LambdaForm$DMH+0x0000024d81ab5400'

Classes redefined (0 events):
No events

Internal exceptions (20 events):
Event: 12.072 Thread 0x0000024dfa8e2610 Exception <a 'sun/nio/fs/WindowsException'{0x000000071175ca30}> (0x000000071175ca30) 
thrown [s\open\src\hotspot\share\prims\jni.cpp, line 516]
Event: 12.073 Thread 0x0000024dfa8e2610 Exception <a 'sun/nio/fs/WindowsException'{0x000000071175dad0}> (0x000000071175dad0) 
thrown [s\open\src\hotspot\share\prims\jni.cpp, line 516]
Event: 12.078 Thread 0x0000024dfa8e2610 Exception <a 'sun/nio/fs/WindowsException'{0x000000071175f010}> (0x000000071175f010) 
thrown [s\open\src\hotspot\share\prims\jni.cpp, line 516]
Event: 14.678 Thread 0x0000024dfa8e2610 Exception <a 'sun/nio/fs/WindowsException'{0x0000000711305eb0}> (0x0000000711305eb0) 
thrown [s\open\src\hotspot\share\prims\jni.cpp, line 516]
Event: 14.679 Thread 0x0000024dfa8e2610 Exception <a 'sun/nio/fs/WindowsException'{0x0000000711306c20}> (0x0000000711306c20) 
thrown [s\open\src\hotspot\share\prims\jni.cpp, line 516]
Event: 14.679 Thread 0x0000024dfa8e2610 Exception <a 'sun/nio/fs/WindowsException'{0x00000007113074e8}> (0x00000007113074e8) 
thrown [s\open\src\hotspot\share\prims\jni.cpp, line 516]
Event: 14.679 Thread 0x0000024dfa8e2610 Exception <a 'sun/nio/fs/WindowsException'{0x0000000711308588}> (0x0000000711308588) 
thrown [s\open\src\hotspot\share\prims\jni.cpp, line 516]
Event: 14.685 Thread 0x0000024dfa8e2610 Exception <a 'sun/nio/fs/WindowsException'{0x0000000711309ac8}> (0x0000000711309ac8) 
thrown [s\open\src\hotspot\share\prims\jni.cpp, line 516]
Event: 14.796 Thread 0x0000024dfa8e2610 Exception <a 'java/lang/NoSuchMethodError'{0x000000071375f328}: 'void java.lang.invoke.DirectMethodHandle$Holder.invokeSpecial(java.lang.Object, java.lang.Object, int)'> (0x000000071375f328) 
thrown [s\open\src\hotspot\share\interpreter\linkResolver.cpp, line 759]
Event: 14.804 Thread 0x0000024dfa8dcaa0 Exception <a 'java/lang/NoSuchMethodError'{0x000000071320ba70}: 'java.lang.Object java.lang.invoke.DirectMethodHandle$Holder.invokeSpecial(java.lang.Object, java.lang.Object, int, java.lang.Object, int)'> (0x000000071320ba70) 
thrown [s\open\src\hotspot\share\interpreter\linkResolver.cpp, line 759]
Event: 14.807 Thread 0x0000024dfa8e2610 Exception <a 'java/lang/NoSuchMethodError'{0x0000000713795e18}: 'java.lang.Object java.lang.invoke.DirectMethodHandle$Holder.invokeSpecial(java.lang.Object, java.lang.Object, int, int, int, java.lang.Object)'> (0x0000000713795e18) 
thrown [s\open\src\hotspot\share\interpreter\linkResolver.cpp, line 759]
Event: 14.808 Thread 0x0000024dfa8e2610 Exception <a 'java/lang/NoSuchMethodError'{0x00000007137a0a88}: 'java.lang.Object java.lang.invoke.Invokers$Holder.linkToTargetMethod(java.lang.Object, int, int, int, java.lang.Object)'> (0x00000007137a0a88) 
thrown [s\open\src\hotspot\share\interpreter\linkResolver.cpp, line 759]
Event: 14.829 Thread 0x0000024dfa8dfac0 Exception <a 'sun/nio/fs/WindowsException'{0x0000000713100b48}> (0x0000000713100b48) 
thrown [s\open\src\hotspot\share\prims\jni.cpp, line 516]
Event: 14.829 Thread 0x0000024dfa8dfac0 Exception <a 'sun/nio/fs/WindowsException'{0x0000000713101e60}> (0x0000000713101e60) 
thrown [s\open\src\hotspot\share\prims\jni.cpp, line 516]
Event: 14.872 Thread 0x0000024dfa8e1c70 Exception <a 'sun/nio/fs/WindowsException'{0x0000000712b00a68}> (0x0000000712b00a68) 
thrown [s\open\src\hotspot\share\prims\jni.cpp, line 516]
Event: 14.872 Thread 0x0000024dfa8e1c70 Exception <a 'sun/nio/fs/WindowsException'{0x0000000712b01d80}> (0x0000000712b01d80) 
thrown [s\open\src\hotspot\share\prims\jni.cpp, line 516]
Event: 14.887 Thread 0x0000024dfa8dfac0 Exception <a 'sun/nio/fs/WindowsException'{0x000000071315f2e8}> (0x000000071315f2e8) 
thrown [s\open\src\hotspot\share\prims\jni.cpp, line 516]
Event: 14.887 Thread 0x0000024dfa8dfac0 Exception <a 'sun/nio/fs/WindowsException'{0x00000007131605e0}> (0x00000007131605e0) 
thrown [s\open\src\hotspot\share\prims\jni.cpp, line 516]
Event: 15.117 Thread 0x0000024dfa8dfac0 Exception <a 'sun/nio/fs/WindowsException'{0x000000071101c2e8}> (0x000000071101c2e8) 
thrown [s\open\src\hotspot\share\prims\jni.cpp, line 516]
Event: 15.118 Thread 0x0000024dfa8dfac0 Exception <a 'sun/nio/fs/WindowsException'{0x0000000710f74000}> (0x0000000710f74000) 
thrown [s\open\src\hotspot\share\prims\jni.cpp, line 516]

VM Operations (20 events):
Event: 14.840 Executing VM operation: HandshakeAllThreads done
Event: 14.852 Executing VM operation: HandshakeAllThreads
Event: 14.873 Executing VM operation: HandshakeAllThreads done
Event: 15.023 Executing VM operation: G1CollectForAllocation
Event: 15.064 Executing VM operation: G1CollectForAllocation done
Event: 15.129 Executing VM operation: G1CollectForAllocation
Event: 15.157 Executing VM operation: G1CollectForAllocation done
Event: 15.288 Executing VM operation: G1Concurrent
Event: 15.300 Executing VM operation: G1Concurrent done
Event: 15.414 Executing VM operation: G1Concurrent
Event: 15.415 Executing VM operation: G1Concurrent done
Event: 15.484 Executing VM operation: G1CollectForAllocation
Event: 15.543 Executing VM operation: G1CollectForAllocation done
Event: 15.550 Executing VM operation: G1CollectForAllocation
Event: 15.575 Executing VM operation: G1CollectForAllocation done
Event: 15.624 Executing VM operation: G1CollectForAllocation
Event: 15.661 Executing VM operation: G1CollectForAllocation done
Event: 15.704 Executing VM operation: G1CollectForAllocation
Event: 15.742 Executing VM operation: G1CollectForAllocation done
Event: 15.772 Executing VM operation: G1CollectForAllocation

Events (20 events):
Event: 11.982 loading class java/util/concurrent/CompletableFuture$Signaller
Event: 11.982 loading class java/util/concurrent/CompletableFuture$Signaller done
Event: 12.928 Thread 0x0000024dfb490a80 Thread exited: 0x0000024dfb490a80
Event: 14.695 Thread 0x0000024dfb493810 Thread added: 0x0000024dfb493810
Event: 14.795 loading class java/util/function/IntSupplier
Event: 14.795 loading class java/util/function/IntSupplier done
Event: 14.805 Thread 0x0000024dfa8dfac0 Thread added: 0x0000024dfa8dfac0
Event: 14.806 loading class java/util/concurrent/CompletableFuture$UniExceptionally
Event: 14.806 loading class java/util/concurrent/CompletableFuture$UniExceptionally done
Event: 14.839 loading class java/nio/DirectIntBufferS
Event: 14.840 loading class java/nio/DirectIntBufferS done
Event: 14.847 Thread 0x0000024dfa8e1c70 Thread added: 0x0000024dfa8e1c70
Event: 14.873 Thread 0x0000024df4a43270 flushing nmethod 0x0000024de186ca90
Event: 14.873 Thread 0x0000024df4a43270 flushing nmethod 0x0000024de1902390
Event: 14.873 Thread 0x0000024df4a43270 flushing nmethod 0x0000024de1988290
Event: 14.873 Thread 0x0000024df4a43270 flushing nmethod 0x0000024de1989890
Event: 14.875 Thread 0x0000024df4a43270 flushing nmethod 0x0000024dd9dbf890
Event: 14.912 loading class java/util/concurrent/CompletableFuture$UniRun
Event: 14.912 loading class java/util/concurrent/CompletableFuture$UniRun done
Event: 15.574 Thread 0x0000024dfb493810 Thread exited: 0x0000024dfb493810


Dynamic libraries:
0x00007ff6260f0000 - 0x00007ff626100000 	C:\Program Files\Java\jdk-17\bin\java.exe
0x00007ffa35350000 - 0x00007ffa35548000 	C:\Windows\SYSTEM32\ntdll.dll
0x00007ffa349b0000 - 0x00007ffa34a6f000 	C:\Windows\System32\KERNEL32.DLL
0x00007ffa32c10000 - 0x00007ffa32f06000 	C:\Windows\System32\KERNELBASE.dll
0x00007ffa32fb0000 - 0x00007ffa330b0000 	C:\Windows\System32\ucrtbase.dll
0x00007ffa1dea0000 - 0x00007ffa1debb000 	C:\Program Files\Java\jdk-17\bin\VCRUNTIME140.dll
0x00007ffa16750000 - 0x00007ffa16769000 	C:\Program Files\Java\jdk-17\bin\jli.dll
0x00007ffa333b0000 - 0x00007ffa3345f000 	C:\Windows\System32\ADVAPI32.dll
0x00007ffa33c10000 - 0x00007ffa33cae000 	C:\Windows\System32\msvcrt.dll
0x00007ffa340f0000 - 0x00007ffa3418c000 	C:\Windows\System32\sechost.dll
0x00007ffa34ec0000 - 0x00007ffa34fe6000 	C:\Windows\System32\RPCRT4.dll
0x00007ffa35050000 - 0x00007ffa351ed000 	C:\Windows\System32\USER32.dll
0x00007ffa33380000 - 0x00007ffa333a2000 	C:\Windows\System32\win32u.dll
0x00007ffa33cb0000 - 0x00007ffa33cdc000 	C:\Windows\System32\GDI32.dll
0x00007ffa33260000 - 0x00007ffa33375000 	C:\Windows\System32\gdi32full.dll
0x00007ffa32f10000 - 0x00007ffa32fad000 	C:\Windows\System32\msvcp_win.dll
0x00007ffa1cfa0000 - 0x00007ffa1d23a000 	C:\Windows\WinSxS\amd64_microsoft.windows.common-controls_6595b64144ccf1df_6.0.19041.1110_none_60b5254171f9507e\COMCTL32.dll
0x00007ffa2c8e0000 - 0x00007ffa2c8ea000 	C:\Windows\SYSTEM32\VERSION.dll
0x00007ffa34d60000 - 0x00007ffa34d90000 	C:\Windows\System32\IMM32.DLL
0x00007ffa1e3e0000 - 0x00007ffa1e3ec000 	C:\Program Files\Java\jdk-17\bin\vcruntime140_1.dll
0x00007ffa09030000 - 0x00007ffa090be000 	C:\Program Files\Java\jdk-17\bin\msvcp140.dll
0x00007ff9ea950000 - 0x00007ff9eb52e000 	C:\Program Files\Java\jdk-17\bin\server\jvm.dll
0x00007ffa34190000 - 0x00007ffa34198000 	C:\Windows\System32\PSAPI.DLL
0x00007ffa23ad0000 - 0x00007ffa23af7000 	C:\Windows\SYSTEM32\WINMM.dll
0x00007ffa2ab10000 - 0x00007ffa2ab19000 	C:\Windows\SYSTEM32\WSOCK32.dll
0x00007ffa351f0000 - 0x00007ffa3525b000 	C:\Windows\System32\WS2_32.dll
0x00007ffa30900000 - 0x00007ffa30912000 	C:\Windows\SYSTEM32\kernel.appcore.dll
0x00007ffa1c350000 - 0x00007ffa1c35a000 	C:\Program Files\Java\jdk-17\bin\jimage.dll
0x00007ffa1f850000 - 0x00007ffa1fa34000 	C:\Windows\SYSTEM32\DBGHELP.DLL
0x00007ffa1af20000 - 0x00007ffa1af54000 	C:\Windows\SYSTEM32\dbgcore.DLL
0x00007ffa32a30000 - 0x00007ffa32ab2000 	C:\Windows\System32\bcryptPrimitives.dll
0x00007ffa10170000 - 0x00007ffa10195000 	C:\Program Files\Java\jdk-17\bin\java.dll
0x00007ffa01a50000 - 0x00007ffa01b27000 	C:\Program Files\Java\jdk-17\bin\jsvml.dll
0x00007ffa334c0000 - 0x00007ffa33c04000 	C:\Windows\System32\SHELL32.dll
0x00007ffa30b00000 - 0x00007ffa31294000 	C:\Windows\SYSTEM32\windows.storage.dll
0x00007ffa33ce0000 - 0x00007ffa34034000 	C:\Windows\System32\combase.dll
0x00007ffa32470000 - 0x00007ffa3249e000 	C:\Windows\SYSTEM32\Wldp.dll
0x00007ffa34d90000 - 0x00007ffa34e3d000 	C:\Windows\System32\SHCORE.dll
0x00007ffa33460000 - 0x00007ffa334b5000 	C:\Windows\System32\shlwapi.dll
0x00007ffa32960000 - 0x00007ffa32985000 	C:\Windows\SYSTEM32\profapi.dll
0x00007ffa12c40000 - 0x00007ffa12c59000 	C:\Program Files\Java\jdk-17\bin\net.dll
0x00007ffa2ca20000 - 0x00007ffa2cb2a000 	C:\Windows\SYSTEM32\WINHTTP.dll
0x00007ffa321d0000 - 0x00007ffa3223a000 	C:\Windows\system32\mswsock.dll
0x00007ffa12270000 - 0x00007ffa12286000 	C:\Program Files\Java\jdk-17\bin\nio.dll
0x00007ffa0ff60000 - 0x00007ffa0ff78000 	C:\Program Files\Java\jdk-17\bin\zip.dll
0x00007ffa1c140000 - 0x00007ffa1c150000 	C:\Program Files\Java\jdk-17\bin\verify.dll
0x00007ffa323c0000 - 0x00007ffa323d8000 	C:\Windows\SYSTEM32\CRYPTSP.dll
0x00007ffa31a80000 - 0x00007ffa31ab4000 	C:\Windows\system32\rsaenh.dll
0x00007ffa32be0000 - 0x00007ffa32c07000 	C:\Windows\System32\bcrypt.dll
0x00007ffa32920000 - 0x00007ffa3294e000 	C:\Windows\SYSTEM32\USERENV.dll
0x00007ffa323e0000 - 0x00007ffa323ec000 	C:\Windows\SYSTEM32\CRYPTBASE.dll
0x00007ffa31e70000 - 0x00007ffa31eac000 	C:\Windows\SYSTEM32\IPHLPAPI.DLL
0x00007ffa34a70000 - 0x00007ffa34a78000 	C:\Windows\System32\NSI.dll
0x00007ffa2d350000 - 0x00007ffa2d367000 	C:\Windows\SYSTEM32\dhcpcsvc6.DLL
0x00007ffa2d120000 - 0x00007ffa2d13d000 	C:\Windows\SYSTEM32\dhcpcsvc.DLL
0x00007ffa31ec0000 - 0x00007ffa31f8a000 	C:\Windows\SYSTEM32\DNSAPI.dll
0x00007ffa1baa0000 - 0x00007ffa1baaa000 	C:\Users\Cr3at\AppData\Local\Temp\jansi-64-17173071201904358328.dll
0x00007ffa1b790000 - 0x00007ffa1b79a000 	C:\Program Files\Java\jdk-17\bin\management.dll
0x00007ffa1af90000 - 0x00007ffa1af9b000 	C:\Program Files\Java\jdk-17\bin\management_ext.dll
0x00007ffa146a0000 - 0x00007ffa146b7000 	C:\Windows\system32\napinsp.dll
0x00007ffa14680000 - 0x00007ffa1469b000 	C:\Windows\system32\pnrpnsp.dll
0x00007ffa14660000 - 0x00007ffa14675000 	C:\Windows\system32\wshbth.dll
0x00007ffa2f6c0000 - 0x00007ffa2f6dd000 	C:\Windows\system32\NLAapi.dll
0x00007ffa14640000 - 0x00007ffa14652000 	C:\Windows\System32\winrnr.dll
0x00007ffa23b00000 - 0x00007ffa23b0a000 	C:\Windows\System32\rasadhlp.dll
0x00007ffa23470000 - 0x00007ffa234f2000 	C:\Windows\System32\fwpuclnt.dll
0x00007ffa0fd40000 - 0x00007ffa0fd80000 	C:\Users\Cr3at\AppData\Local\Temp\jna--1841845854\jna627216112449900450.dll
0x00007ffa34a80000 - 0x00007ffa34baa000 	C:\Windows\System32\Ole32.dll
0x00007ffa34040000 - 0x00007ffa340e9000 	C:\Windows\System32\clbcatq.dll
0x00007ffa34c90000 - 0x00007ffa34d5d000 	C:\Windows\System32\OleAut32.dll
0x00007ffa1fb70000 - 0x00007ffa1fb8f000 	C:\Windows\SYSTEM32\amsi.dll
0x00007ffa13fc0000 - 0x00007ffa1403c000 	C:\ProgramData\Microsoft\Windows Defender\Platform\4.18.23070.1004-0\MpOav.dll
0x00007ffa0a150000 - 0x00007ffa0a199000 	C:\Windows\SYSTEM32\Pdh.dll
0x00007ffa20e90000 - 0x00007ffa20e9f000 	C:\Windows\System32\perfos.dll
0x00007ff9f49d0000 - 0x00007ff9f4b61000 	C:\Program Files\Java\jdk-17\bin\awt.dll
0x00007ffa30230000 - 0x00007ffa302c1000 	C:\Windows\SYSTEM32\apphelp.dll
0x00007ffa1a0e0000 - 0x00007ffa1a0ee000 	C:\Program Files\Java\jdk-17\bin\sunmscapi.dll
0x00007ffa33100000 - 0x00007ffa3325e000 	C:\Windows\System32\CRYPT32.dll
0x00007ffa324e0000 - 0x00007ffa32508000 	C:\Windows\SYSTEM32\ncrypt.dll
0x00007ffa324a0000 - 0x00007ffa324db000 	C:\Windows\SYSTEM32\NTASN1.dll
0x00007ffa2b470000 - 0x00007ffa2b477000 	C:\Windows\system32\wshunix.dll

dbghelp: loaded successfully - version: 4.0.5 - missing functions: none
symbol engine: initialized successfully - sym options: 0x614 - pdb path: .;C:\Program Files\Java\jdk-17\bin;C:\Windows\SYSTEM32;C:\Windows\WinSxS\amd64_microsoft.windows.common-controls_6595b64144ccf1df_6.0.19041.1110_none_60b5254171f9507e;C:\Program Files\Java\jdk-17\bin\server;C:\Users\Cr3at\AppData\Local\Temp;C:\Users\Cr3at\AppData\Local\Temp\jna--1841845854;C:\ProgramData\Microsoft\Windows Defender\Platform\4.18.23070.1004-0

VM Arguments:
java_command: spigot-1.19.4.jar nogui
java_class_path (initial): spigot-1.19.4.jar
Launcher Type: SUN_STANDARD

[Global flags]
     intx CICompilerCount                          = 3                                         {product} {ergonomic}
     uint ConcGCThreads                            = 1                                         {product} {ergonomic}
     uint G1ConcRefinementThreads                  = 4                                         {product} {ergonomic}
   size_t G1HeapRegionSize                         = 2097152                                   {product} {ergonomic}
    uintx GCDrainStackTargetSize                   = 64                                        {product} {ergonomic}
   size_t InitialHeapSize                          = 268435456                                 {product} {ergonomic}
   size_t MarkStackSize                            = 4194304                                   {product} {ergonomic}
   size_t MaxHeapSize                              = 4273995776                                {product} {ergonomic}
   size_t MaxNewSize                               = 2562719744                                {product} {ergonomic}
   size_t MinHeapDeltaBytes                        = 2097152                                   {product} {ergonomic}
   size_t MinHeapSize                              = 8388608                                   {product} {ergonomic}
    uintx NonNMethodCodeHeapSize                   = 5832780                                {pd product} {ergonomic}
    uintx NonProfiledCodeHeapSize                  = 122912730                              {pd product} {ergonomic}
    uintx ProfiledCodeHeapSize                     = 122912730                              {pd product} {ergonomic}
    uintx ReservedCodeCacheSize                    = 251658240                              {pd product} {ergonomic}
     bool SegmentedCodeCache                       = true                                      {product} {ergonomic}
   size_t SoftMaxHeapSize                          = 4273995776                             {manageable} {ergonomic}
     bool UseCompressedClassPointers               = true                           {product lp64_product} {ergonomic}
     bool UseCompressedOops                        = true                           {product lp64_product} {ergonomic}
     bool UseG1GC                                  = true                                      {product} {ergonomic}
     bool UseLargePagesIndividualAllocation        = false                                  {pd product} {ergonomic}

Logging:
Log output configuration:
 #0: stdout all=warning uptime,level,tags
 #1: stderr all=off uptime,level,tags

Environment Variables:
PATH=C:\Python310\Scripts\;C:\Python310\;C:\Program Files\Common Files\Oracle\Java\javapath;C:\Windows\system32;C:\Windows;C:\Windows\System32\Wbem;C:\Windows\System32\WindowsPowerShell\v1.0\;C:\Windows\System32\OpenSSH\;C:\Program Files\NVIDIA Corporation\NVIDIA NvDLISR;C:\Program Files\Git\cmd;C:\Program Files\nodejs\;C:\ProgramData\chocolatey\bin;C:\Program Files\dotnet\;C:\Program Files (x86)\NVIDIA Corporation\PhysX\Common;C:\Users\Cr3at\AppData\Local\Microsoft\WindowsApps;C:\Users\Cr3at\AppData\Local\Programs\Microsoft VS Code\bin;C:\Program Files\JetBrains\IntelliJ IDEA Community Edition 2021.1\bin;;C:\Users\Cr3at\AppData\Local\GitHubDesktop\bin;C:\Users\Cr3at\AppData\Roaming\npm;C:\Users\Cr3at\.dotnet\tools
USERNAME=Robert
OS=Windows_NT
PROCESSOR_IDENTIFIER=Intel64 Family 6 Model 94 Stepping 3, GenuineIntel



---------------  S Y S T E M  ---------------

OS:
 Windows 10 , 64 bit Build 19041 (10.0.19041.3155)
OS uptime: 44 days 22:45 hours

CPU: total 4 (initial active 4) (4 cores per cpu, 1 threads per core) family 6 model 94 stepping 3 microcode 0xcc, cx8, cmov, fxsr, mmx, 3dnowpref, sse, sse2, sse3, ssse3, sse4.1, sse4.2, popcnt, lzcnt, tsc, tscinvbit, avx, avx2, aes, erms, clmul, bmi1, bmi2, rtm, adx, fma, vzeroupper, clflush, clflushopt

Memory: 4k page, system-wide physical 16299M (4422M free)
TotalPageFile size 65451M (AvailPageFile size 882M)
current process WorkingSet (physical memory assigned to process): 748M, peak: 748M
current process commit charge ("private bytes"): 785M, peak: 1877M

vm_info: Java HotSpot(TM) 64-Bit Server VM (17.0.8+9-LTS-211) for windows-amd64 JRE (17.0.8+9-LTS-211), built on Jun 14 2023 10:34:31 by "mach5one" with MS VC++ 17.1 (VS2022)

END.
